#
# There is insufficient memory for the Java Runtime Environment to continue.
# Native memory allocation (mmap) failed to map 65536 bytes. Error detail: Failed to commit metaspace.
# Possible reasons:
#   The system is out of physical RAM or swap space
#   This process is running with CompressedOops enabled, and the Java Heap may be blocking the growth of the native heap
# Possible solutions:
#   Reduce memory load on the system
#   Increase physical memory or swap space
#   Check if swap backing store is full
#   Decrease Java heap size (-Xmx/-Xms)
#   Decrease number of Java threads
#   Decrease Java thread stack sizes (-Xss)
#   Set larger code cache with -XX:ReservedCodeCacheSize=
#   JVM is running with Unscaled Compressed Oops mode in which the Java heap is
#     placed in the first 4GB address space. The Java Heap base address is the
#     maximum limit for the native heap growth. Please use -XX:HeapBaseMinAddress
#     to set the Java Heap base and to place the Java Heap above 4GB virtual address.
# This output file may be truncated or incomplete.
#
#  Out of Memory Error (virtualSpaceNode.cpp:113), pid=8268, tid=860
#
# JRE version: OpenJDK Runtime Environment Temurin-21.0.10+7 (21.0.10+7) (build 21.0.10+7-LTS)
# Java VM: OpenJDK 64-Bit Server VM Temurin-21.0.10+7 (21.0.10+7-LTS, mixed mode, sharing, tiered, compressed oops, compressed class ptrs, g1 gc, windows-amd64)
# No core dump will be written. Minidumps are not enabled by default on client versions of Windows
#

---------------  S U M M A R Y ------------

Command Line: -Xmx64m -Xms64m -Dorg.gradle.appname=gradlew c:\Users\Admin\Pictures\BudgetQuest-main\\gradle\wrapper\gradle-wrapper.jar -I C:\Users\Admin\AppData\Local\Temp\classpath7098989037081718145.gradle kotlinLSPKotlinDSLDeps --console=plain

Host: Intel(R) Core(TM) i5-3230M CPU @ 2.60GHz, 4 cores, 11G,  Windows 10 , 64 bit Build 19041 (10.0.19041.3155)
Time: Mon Jun 15 16:11:46 2026 South Africa Standard Time elapsed time: 2.140177 seconds (0d 0h 0m 2s)

---------------  T H R E A D  ---------------

Current thread (0x000001df94f63310):  JavaThread "main"             [_thread_in_vm, id=860, stack(0x0000002b71500000,0x0000002b71600000) (1024K)]

Stack: [0x0000002b71500000,0x0000002b71600000]
Native frames: (J=compiled Java code, j=interpreted, Vv=VM code, C=native code)
V  [jvm.dll+0x6d7a39]
V  [jvm.dll+0x8b4b26]
V  [jvm.dll+0x8b70de]
V  [jvm.dll+0x8b77c3]
V  [jvm.dll+0x284346]
V  [jvm.dll+0x8b086e]
V  [jvm.dll+0x679444]
V  [jvm.dll+0x1e82bb]
V  [jvm.dll+0x1e807e]
V  [jvm.dll+0x67bd42]
V  [jvm.dll+0x67bb72]
V  [jvm.dll+0x679e1e]
V  [jvm.dll+0x26f614]
V  [jvm.dll+0x219f3f]
V  [jvm.dll+0x20f62e]
V  [jvm.dll+0x5b644f]
V  [jvm.dll+0x82ead6]
V  [jvm.dll+0x478db8]
V  [jvm.dll+0x47ebe8]
C  [java.dll+0x17ec]

Java frames: (J=compiled Java code, j=interpreted, Vv=VM code)
J 728  java.lang.ClassLoader.defineClass1(Ljava/lang/ClassLoader;Ljava/lang/String;[BIILjava/security/ProtectionDomain;Ljava/lang/String;)Ljava/lang/Class; java.base@21.0.10 (0 bytes) @ 0x000001dfa7502111 [0x000001dfa7502040+0x00000000000000d1]
j  java.lang.ClassLoader.defineClass(Ljava/lang/String;[BIILjava/security/ProtectionDomain;)Ljava/lang/Class;+27 java.base@21.0.10
j  java.security.SecureClassLoader.defineClass(Ljava/lang/String;[BIILjava/security/CodeSource;)Ljava/lang/Class;+12 java.base@21.0.10
j  java.net.URLClassLoader.defineClass(Ljava/lang/String;Ljdk/internal/loader/Resource;)Ljava/lang/Class;+220 java.base@21.0.10
j  java.net.URLClassLoader$1.run()Ljava/lang/Class;+43 java.base@21.0.10
J 873 c1 java.net.URLClassLoader$1.run()Ljava/lang/Object; java.base@21.0.10 (5 bytes) @ 0x000001df9fb7add4 [0x000001df9fb7ad40+0x0000000000000094]
J 674 c1 java.security.AccessController.doPrivileged(Ljava/security/PrivilegedExceptionAction;Ljava/security/AccessControlContext;)Ljava/lang/Object; java.base@21.0.10 (26 bytes) @ 0x000001df9fb08c8c [0x000001df9fb08aa0+0x00000000000001ec]
J 768 c1 java.net.URLClassLoader.findClass(Ljava/lang/String;)Ljava/lang/Class; java.base@21.0.10 (47 bytes) @ 0x000001df9fb49ecc [0x000001df9fb49d20+0x00000000000001ac]
J 760 c1 java.lang.ClassLoader.loadClass(Ljava/lang/String;Z)Ljava/lang/Class; java.base@21.0.10 (121 bytes) @ 0x000001df9fb46ba4 [0x000001df9fb465e0+0x00000000000005c4]
J 714 c1 java.lang.ClassLoader.loadClass(Ljava/lang/String;)Ljava/lang/Class; java.base@21.0.10 (7 bytes) @ 0x000001df9fb210d4 [0x000001df9fb20fc0+0x0000000000000114]
v  ~StubRoutines::call_stub 0x000001dfa6f2100d
J 728  java.lang.ClassLoader.defineClass1(Ljava/lang/ClassLoader;Ljava/lang/String;[BIILjava/security/ProtectionDomain;Ljava/lang/String;)Ljava/lang/Class; java.base@21.0.10 (0 bytes) @ 0x000001dfa7502111 [0x000001dfa7502040+0x00000000000000d1]
j  java.lang.ClassLoader.defineClass(Ljava/lang/String;[BIILjava/security/ProtectionDomain;)Ljava/lang/Class;+27 java.base@21.0.10
j  java.security.SecureClassLoader.defineClass(Ljava/lang/String;[BIILjava/security/CodeSource;)Ljava/lang/Class;+12 java.base@21.0.10
j  java.net.URLClassLoader.defineClass(Ljava/lang/String;Ljdk/internal/loader/Resource;)Ljava/lang/Class;+220 java.base@21.0.10
j  java.net.URLClassLoader$1.run()Ljava/lang/Class;+43 java.base@21.0.10
J 873 c1 java.net.URLClassLoader$1.run()Ljava/lang/Object; java.base@21.0.10 (5 bytes) @ 0x000001df9fb7add4 [0x000001df9fb7ad40+0x0000000000000094]
J 674 c1 java.security.AccessController.doPrivileged(Ljava/security/PrivilegedExceptionAction;Ljava/security/AccessControlContext;)Ljava/lang/Object; java.base@21.0.10 (26 bytes) @ 0x000001df9fb08c8c [0x000001df9fb08aa0+0x00000000000001ec]
J 768 c1 java.net.URLClassLoader.findClass(Ljava/lang/String;)Ljava/lang/Class; java.base@21.0.10 (47 bytes) @ 0x000001df9fb49ecc [0x000001df9fb49d20+0x00000000000001ac]
J 760 c1 java.lang.ClassLoader.loadClass(Ljava/lang/String;Z)Ljava/lang/Class; java.base@21.0.10 (121 bytes) @ 0x000001df9fb46ba4 [0x000001df9fb465e0+0x00000000000005c4]
J 714 c1 java.lang.ClassLoader.loadClass(Ljava/lang/String;)Ljava/lang/Class; java.base@21.0.10 (7 bytes) @ 0x000001df9fb210d4 [0x000001df9fb20fc0+0x0000000000000114]
v  ~StubRoutines::call_stub 0x000001dfa6f2100d
j  org.gradle.internal.logging.services.LoggingServiceRegistry.createStyledTextOutputFactory(Lorg/gradle/internal/time/Clock;)Lorg/gradle/internal/logging/text/StyledTextOutputFactory;+0
j  java.lang.invoke.LambdaForm$DMH+0x000001dfb2028000.invokeVirtual(Ljava/lang/Object;Ljava/lang/Object;Ljava/lang/Object;)Ljava/lang/Object;+11 java.base@21.0.10
j  java.lang.invoke.LambdaForm$MH+0x000001dfb2028800.invoke(Ljava/lang/Object;Ljava/lang/Object;Ljava/lang/Object;)Ljava/lang/Object;+52 java.base@21.0.10
j  java.lang.invoke.Invokers$Holder.invokeExact_MT(Ljava/lang/Object;Ljava/lang/Object;Ljava/lang/Object;Ljava/lang/Object;)Ljava/lang/Object;+20 java.base@21.0.10
j  jdk.internal.reflect.DirectMethodHandleAccessor.invokeImpl(Ljava/lang/Object;[Ljava/lang/Object;)Ljava/lang/Object;+55 java.base@21.0.10
j  jdk.internal.reflect.DirectMethodHandleAccessor.invoke(Ljava/lang/Object;[Ljava/lang/Object;)Ljava/lang/Object;+23 java.base@21.0.10
j  java.lang.reflect.Method.invoke(Ljava/lang/Object;[Ljava/lang/Object;)Ljava/lang/Object;+102 java.base@21.0.10
j  org.gradle.internal.reflect.JavaMethod.invoke(Ljava/lang/Object;[Ljava/lang/Object;)Ljava/lang/Object;+6
j  org.gradle.internal.service.ReflectionBasedServiceMethod.invoke(Ljava/lang/Object;[Ljava/lang/Object;)Ljava/lang/Object;+6
j  org.gradle.internal.service.DefaultServiceRegistry$FactoryMethodService.invokeMethod([Ljava/lang/Object;)Ljava/lang/Object;+28
j  org.gradle.internal.service.DefaultServiceRegistry$FactoryService.createServiceInstance()Ljava/lang/Object;+7
j  org.gradle.internal.service.DefaultServiceRegistry$FactoryMethodService.createServiceInstance()Ljava/lang/Object;+1
j  org.gradle.internal.service.DefaultServiceRegistry$ManagedObjectServiceProvider.getInstance()Ljava/lang/Object;+24
j  org.gradle.internal.service.DefaultServiceRegistry$SingletonService.get()Ljava/lang/Object;+1
j  org.gradle.internal.service.DefaultServiceRegistry.find(Ljava/lang/reflect/Type;)Ljava/lang/Object;+22
j  org.gradle.internal.service.DefaultServiceRegistry.get(Ljava/lang/reflect/Type;)Ljava/lang/Object;+2
j  org.gradle.internal.service.DefaultServiceRegistry.get(Ljava/lang/Class;)Ljava/lang/Object;+3
j  org.gradle.launcher.cli.DefaultCommandLineActionFactory.convert(Ljava/util/List;)Lorg/gradle/launcher/bootstrap/CommandLineActionFactory$CommandLineExecution;+38
j  org.gradle.launcher.Main.doAction([Ljava/lang/String;Lorg/gradle/launcher/bootstrap/ExecutionListener;)V+8
j  org.gradle.launcher.bootstrap.EntryPoint.run([Ljava/lang/String;)V+12
j  java.lang.invoke.DirectMethodHandle$Holder.invokeVirtual(Ljava/lang/Object;Ljava/lang/Object;Ljava/lang/Object;)V+11 java.base@21.0.10
j  java.lang.invoke.LambdaForm$MH+0x000001dfb2012000.invoke(Ljava/lang/Object;Ljava/lang/Object;Ljava/lang/Object;)Ljava/lang/Object;+52 java.base@21.0.10
j  java.lang.invoke.Invokers$Holder.invokeExact_MT(Ljava/lang/Object;Ljava/lang/Object;Ljava/lang/Object;Ljava/lang/Object;)Ljava/lang/Object;+20 java.base@21.0.10
j  jdk.internal.reflect.DirectMethodHandleAccessor.invokeImpl(Ljava/lang/Object;[Ljava/lang/Object;)Ljava/lang/Object;+55 java.base@21.0.10
j  jdk.internal.reflect.DirectMethodHandleAccessor.invoke(Ljava/lang/Object;[Ljava/lang/Object;)Ljava/lang/Object;+23 java.base@21.0.10
j  java.lang.reflect.Method.invoke(Ljava/lang/Object;[Ljava/lang/Object;)Ljava/lang/Object;+102 java.base@21.0.10
j  org.gradle.launcher.bootstrap.ProcessBootstrap.runNoExit(Ljava/lang/String;Ljava/lang/String;Ljava/lang/String;[Ljava/lang/String;)V+200
j  org.gradle.launcher.bootstrap.ProcessBootstrap.run(Ljava/lang/String;Ljava/lang/String;Ljava/lang/String;[Ljava/lang/String;)V+4
j  org.gradle.launcher.GradleMain.main([Ljava/lang/String;)V+10
j  java.lang.invoke.LambdaForm$DMH+0x000001dfb2005000.invokeStatic(Ljava/lang/Object;Ljava/lang/Object;)V+10 java.base@21.0.10
j  java.lang.invoke.LambdaForm$MH+0x000001dfb2008400.invoke(Ljava/lang/Object;Ljava/lang/Object;Ljava/lang/Object;)Ljava/lang/Object;+33 java.base@21.0.10
j  java.lang.invoke.Invokers$Holder.invokeExact_MT(Ljava/lang/Object;Ljava/lang/Object;Ljava/lang/Object;Ljava/lang/Object;)Ljava/lang/Object;+20 java.base@21.0.10
j  jdk.internal.reflect.DirectMethodHandleAccessor.invokeImpl(Ljava/lang/Object;[Ljava/lang/Object;)Ljava/lang/Object;+55 java.base@21.0.10
j  jdk.internal.reflect.DirectMethodHandleAccessor.invoke(Ljava/lang/Object;[Ljava/lang/Object;)Ljava/lang/Object;+23 java.base@21.0.10
j  java.lang.reflect.Method.invoke(Ljava/lang/Object;[Ljava/lang/Object;)Ljava/lang/Object;+102 java.base@21.0.10
j  org.gradle.wrapper.GradleWrapperMain.lambda$prepareWrapper$0(Lorg/gradle/wrapper/WrapperExecutor;[Ljava/lang/String;Lorg/gradle/wrapper/Logger;Lorg/gradle/wrapper/Download;Ljava/io/File;Ljava/io/File;)V+737
j  org.gradle.wrapper.GradleWrapperMain$$Lambda+0x000001dfb2003b58.execute()V+24
j  org.gradle.wrapper.GradleWrapperMain.main([Ljava/lang/String;)V+60
v  ~StubRoutines::call_stub 0x000001dfa6f2100d

Compiled method (n/a) 2210  728     n 0       java.lang.ClassLoader::defineClass1 (native)
 total in heap  [0x000001dfa7501e90,0x000001dfa7502428] = 1432
 relocation     [0x000001dfa7501ff0,0x000001dfa7502028] = 56
 main code      [0x000001dfa7502040,0x000001dfa7502421] = 993
 stub code      [0x000001dfa7502421,0x000001dfa7502428] = 7

[Constant Pool (empty)]

[MachCode]
[Entry Point]
  # {method} {0x000001dfb1435030} 'defineClass1' '(Ljava/lang/ClassLoader;Ljava/lang/String;[BIILjava/security/ProtectionDomain;Ljava/lang/String;)Ljava/lang/Class;' in 'java/lang/ClassLoader'
  # parm0:    rdx:rdx   = 'java/lang/ClassLoader'
  # parm1:    r8:r8     = 'java/lang/String'
  # parm2:    r9:r9     = '[B'
  # parm3:    rdi       = int
  # parm4:    rsi       = int
  # parm5:    rcx:rcx   = 'java/security/ProtectionDomain'
  # parm6:    [sp+0xa0]   = 'java/lang/String'  (sp of caller)
  0x000001dfa7502040: 448b 5208 | 49bb 0000 | 00b1 df01 | 0000 4d03 | d349 3bc2 | 0f84 0600 

  0x000001dfa7502058: ;   {runtime_call ic_miss_stub}
  0x000001dfa7502058: 0000 e921 | c7a6 ff90 
[Verified Entry Point]
  0x000001dfa7502060: 8984 2400 | 80ff ff55 | 488b ec48 | 81ec 9000 | 0000 6690 | 4181 7f20 | 0100 0000 

  0x000001dfa750207c: ;   {runtime_call StubRoutines (final stubs)}
  0x000001dfa750207c: 7405 e81d | 45a5 ff48 | 837d 1000 | 488d 4510 | 480f 4445 | 1048 8944 | 2440 4889 | 4c24 7048 
  0x000001dfa750209c: 83f9 0048 | 8d44 2470 | 480f 4444 | 2470 4889 | 4424 3848 | 8974 2430 | 4889 7c24 | 284c 894c 
  0x000001dfa75020bc: 2458 4983 | f900 488d | 4424 5848 | 0f44 4424 | 5848 8944 | 2420 4c89 | 4424 5049 | 83f8 004c 
  0x000001dfa75020dc: 8d4c 2450 | 4c0f 444c | 2450 4889 | 5424 4848 | 83fa 004c | 8d44 2448 | 4c0f 4444 

  0x000001dfa75020f8: ;   {oop(a 'java/lang/Class'{0x00000000ff2009a8} = 'java/lang/ClassLoader')}
  0x000001dfa75020f8: 2448 49be | a809 20ff | 0000 0000 | 4c89 7424 | 784c 8d74 | 2478 498b | d6c5 f877 

  0x000001dfa7502114: ;   {internal_word}
  0x000001dfa7502114: 49ba 1121 | 50a7 df01 | 0000 4d89 | 97a8 0300 | 0049 89a7 | a003 0000 

  0x000001dfa750212c: ;   {external_word}
  0x000001dfa750212c: 49ba c65c | bae7 f97f | 0000 4180 | 3a00 0f84 | 4e00 0000 | 5241 5041 

  0x000001dfa7502144: ;   {metadata({method} {0x000001dfb1435030} 'defineClass1' '(Ljava/lang/ClassLoader;Ljava/lang/String;[BIILjava/security/ProtectionDomain;Ljava/lang/String;)Ljava/lang/Class;' in 'java/lang/ClassLoader')}
  0x000001dfa7502144: 5148 ba28 | 5043 b1df | 0100 0049 | 8bcf 4883 | ec20 40f6 | c40f 0f84 | 1900 0000 | 4883 ec08 
  0x000001dfa7502164: ;   {runtime_call}
  0x000001dfa7502164: 48b8 50e1 | 63e7 f97f | 0000 ffd0 | 4883 c408 | e90c 0000 

  0x000001dfa7502178: ;   {runtime_call}
  0x000001dfa7502178: 0048 b850 | e163 e7f9 | 7f00 00ff | d048 83c4 | 2041 5941 | 585a 498d | 8fc0 0300 | 0041 c787 
  0x000001dfa7502198: 4c04 0000 | 0400 0000 

  0x000001dfa75021a0: ;   {runtime_call}
  0x000001dfa75021a0: 48b8 ac16 | 1e0a fa7f | 0000 ffd0 | c5f8 7741 | c787 4c04 | 0000 0500 | 0000 f083 | 4424 c000 
  0x000001dfa75021c0: 493b af50 | 0400 000f | 870e 0000 | 0041 83bf | 4804 0000 | 000f 842b | 0000 00c5 | f877 4889 
  0x000001dfa75021e0: 45f8 498b | cf4c 8be4 | 4883 ec20 | 4883 e4f0 

  0x000001dfa75021f0: ;   {runtime_call}
  0x000001dfa75021f0: 48b8 d052 | 2fe7 f97f | 0000 ffd0 | 498b e44d | 33e4 488b | 45f8 41c7 | 874c 0400 | 0008 0000 
  0x000001dfa7502210: 0041 83bf | c804 0000 | 020f 84d5 

  0x000001dfa750221c: ;   {external_word}
  0x000001dfa750221c: 0100 0049 | bac6 5cba | e7f9 7f00 | 0041 803a | 000f 844c | 0000 0048 

  0x000001dfa7502234: ;   {metadata({method} {0x000001dfb1435030} 'defineClass1' '(Ljava/lang/ClassLoader;Ljava/lang/String;[BIILjava/security/ProtectionDomain;Ljava/lang/String;)Ljava/lang/Class;' in 'java/lang/ClassLoader')}
  0x000001dfa7502234: 8945 f848 | ba28 5043 | b1df 0100 | 0049 8bcf | 4883 ec20 | 40f6 c40f | 0f84 1900 | 0000 4883 
  0x000001dfa7502254: ;   {runtime_call}
  0x000001dfa7502254: ec08 48b8 | 50e1 63e7 | f97f 0000 | ffd0 4883 | c408 e90c 

  0x000001dfa7502268: ;   {runtime_call}
  0x000001dfa7502268: 0000 0048 | b850 e163 | e7f9 7f00 | 00ff d048 | 83c4 2048 | 8b45 f849 | c787 a003 | 0000 0000 
  0x000001dfa7502288: 0000 49c7 | 87a8 0300 | 0000 0000 | 00c5 f877 | 4885 c00f | 8430 0100 | 00a8 030f | 8508 0000 
  0x000001dfa75022a8: 0048 8b00 | e920 0100 | 00a8 010f | 8509 0000 | 0048 8b40 | fee9 0f01 | 0000 488b | 40ff 4180 
  0x000001dfa75022c8: 7f40 000f | 8400 0100 | 0048 83f8 | 000f 84f6 | 0000 0049 | 8b4f 2848 | 83f9 000f | 8414 0000 
  0x000001dfa75022e8: 0048 83e9 | 0849 894f | 2849 034f | 3848 8901 | e9d4 0000 | 0048 83ec | 7048 8904 | 2448 894c 
  0x000001dfa7502308: 2408 4889 | 5424 104c | 8944 2418 | 4c89 4c24 | 204c 8954 | 2428 4c89 | 5c24 30c5 | fb11 4424 
  0x000001dfa7502328: 40c5 fb11 | 4c24 48c5 | fb11 5424 | 50c5 fb11 | 5c24 58c5 | fb11 6424 | 60c5 fb11 | 6c24 6849 
  0x000001dfa7502348: 8bd7 488b | c848 83ec | 2040 f6c4 | 0f0f 8419 | 0000 0048 

  0x000001dfa750235c: ;   {runtime_call}
  0x000001dfa750235c: 83ec 0848 | b8f0 a022 | e7f9 7f00 | 00ff d048 | 83c4 08e9 | 0c00 0000 

  0x000001dfa7502374: ;   {runtime_call}
  0x000001dfa7502374: 48b8 f0a0 | 22e7 f97f | 0000 ffd0 | 4883 c420 | c5fb 106c | 2468 c5fb | 1064 2460 | c5fb 105c 
  0x000001dfa7502394: 2458 c5fb | 1054 2450 | c5fb 104c | 2448 c5fb | 1044 2440 | 4c8b 5c24 | 304c 8b54 | 2428 4c8b 
  0x000001dfa75023b4: 4c24 204c | 8b44 2418 | 488b 5424 | 1048 8b4c | 2408 488b | 0424 4883 | c470 c5f8 | 7749 8b8f 
  0x000001dfa75023d4: 3004 0000 | c781 0001 | 0000 0000 | 0000 c949 | 837f 0800 | 0f85 0100 

  0x000001dfa75023ec: ;   {runtime_call StubRoutines (initial stubs)}
  0x000001dfa75023ec: 0000 c3e9 | 0ceb a1ff | c5f8 7748 | 8945 f84c | 8be4 4883 | ec20 4883 

  0x000001dfa7502404: ;   {runtime_call}
  0x000001dfa7502404: e4f0 48b8 | a018 64e7 | f97f 0000 | ffd0 498b | e44d 33e4 | 488b 45f8 | e9fe fdff | fff4 f4f4 
  0x000001dfa7502424: f4f4 f4f4 
[/MachCode]


Compiled method (c1) 2222  873       3       java.net.URLClassLoader$1::run (5 bytes)
 total in heap  [0x000001df9fb7ab90,0x000001df9fb7af08] = 888
 relocation     [0x000001df9fb7acf0,0x000001df9fb7ad30] = 64
 main code      [0x000001df9fb7ad40,0x000001df9fb7ae50] = 272
 stub code      [0x000001df9fb7ae50,0x000001df9fb7ae98] = 72
 metadata       [0x000001df9fb7ae98,0x000001df9fb7aea8] = 16
 scopes data    [0x000001df9fb7aea8,0x000001df9fb7aec0] = 24
 scopes pcs     [0x000001df9fb7aec0,0x000001df9fb7af00] = 64
 dependencies   [0x000001df9fb7af00,0x000001df9fb7af08] = 8

[Constant Pool (empty)]

[MachCode]
[Entry Point]
  # {method} {0x000001dff30dc8d0} 'run' '()Ljava/lang/Object;' in 'java/net/URLClassLoader$1'
  #           [sp+0x30]  (sp of caller)
  0x000001df9fb7ad40: 448b 5208 | 49bb 0000 | 00b1 df01 | 0000 4d03 | d34c 3bd0 

  0x000001df9fb7ad54: ;   {runtime_call ic_miss_stub}
  0x000001df9fb7ad54: 0f85 263a | 3f07 660f | 1f44 0000 
[Verified Entry Point]
  0x000001df9fb7ad60: 8984 2400 | 80ff ff55 | 4883 ec20 | 4181 7f20 | 0100 0000 

  0x000001df9fb7ad74: ;   {runtime_call StubRoutines (final stubs)}
  0x000001df9fb7ad74: 7405 e825 

  0x000001df9fb7ad78: ;   {metadata(method data for {method} {0x000001dff30dc8d0} 'run' '()Ljava/lang/Object;' in 'java/net/URLClassLoader$1')}
  0x000001df9fb7ad78: b83d 0748 | bed0 d21a | f3df 0100 | 008b becc | 0000 0083 | c702 89be | cc00 0000 | 81e7 fe07 
  0x000001df9fb7ad98: 0000 85ff | 0f84 4d00 | 0000 488b 

  0x000001df9fb7ada4: ;   {metadata(method data for {method} {0x000001dff30dc8d0} 'run' '()Ljava/lang/Object;' in 'java/net/URLClassLoader$1')}
  0x000001df9fb7ada4: f248 bfd0 | d21a f3df 

  0x000001df9fb7adac: ;   {metadata('java/net/URLClassLoader$1')}
  0x000001df9fb7adac: 0100 0049 | ba98 5905 | b2df 0100 | 004c 8997 | 2001 0000 | 4883 8728 | 0100 0001 | 0f1f 8000 
  0x000001df9fb7adcc: ;   {optimized virtual_call}
  0x000001df9fb7adcc: 0000 00e8 

  0x000001df9fb7add0: ; ImmutableOopMap {}
                      ;*invokevirtual run {reexecute=0 rethrow=0 return_oop=0}
                      ; - java.net.URLClassLoader$1::run@1 (line 421)
  0x000001df9fb7add0: 8100 0000 

  0x000001df9fb7add4: ;   {other}
  0x000001df9fb7add4: 0f1f 8400 | 4402 0000 | 4883 c420 

  0x000001df9fb7ade0: ;   {poll_return}
  0x000001df9fb7ade0: 5d49 3ba7 | 5004 0000 | 0f87 1f00 

  0x000001df9fb7adec: ;   {metadata({method} {0x000001dff30dc8d0} 'run' '()Ljava/lang/Object;' in 'java/net/URLClassLoader$1')}
  0x000001df9fb7adec: 0000 c349 | bac8 c80d | f3df 0100 | 004c 8954 | 2408 48c7 | 0424 ffff 

  0x000001df9fb7ae04: ;   {runtime_call counter_overflow Runtime1 stub}
  0x000001df9fb7ae04: ffff e8f5 

  0x000001df9fb7ae08: ; ImmutableOopMap {rdx=Oop }
                      ;*synchronization entry
                      ; - java.net.URLClassLoader$1::run@-1 (line 421)
  0x000001df9fb7ae08: 374b 07eb 

  0x000001df9fb7ae0c: ;   {internal_word}
  0x000001df9fb7ae0c: 9549 bae1 | adb7 9fdf | 0100 004d | 8997 6804 

  0x000001df9fb7ae1c: ;   {runtime_call SafepointBlob}
  0x000001df9fb7ae1c: 0000 e95d | a63f 0749 | 8b87 0005 | 0000 49c7 | 8700 0500 | 0000 0000 | 0049 c787 | 0805 0000 
  0x000001df9fb7ae3c: 0000 0000 | 4883 c420 

  0x000001df9fb7ae44: ;   {runtime_call unwind_exception Runtime1 stub}
  0x000001df9fb7ae44: 5de9 b6d7 | 4a07 f4f4 | f4f4 f4f4 
[Stub Code]
  0x000001df9fb7ae50: ;   {no_reloc}
  0x000001df9fb7ae50: 0f1f 4400 

  0x000001df9fb7ae54: ;   {static_stub}
  0x000001df9fb7ae54: 0048 bbe8 | c70d f3df 

  0x000001df9fb7ae5c: ;   {runtime_call I2C/C2I adapters}
  0x000001df9fb7ae5c: 0100 00e9 | ff85 3f07 
[Exception Handler]
  0x000001df9fb7ae64: ;   {runtime_call handle_exception_from_callee Runtime1 stub}
  0x000001df9fb7ae64: e897 044b 

  0x000001df9fb7ae68: ;   {external_word}
  0x000001df9fb7ae68: 0748 b940 | 5390 e7f9 | 7f00 0048 

  0x000001df9fb7ae74: ;   {runtime_call}
  0x000001df9fb7ae74: 83e4 f048 | b8b0 c352 | e7f9 7f00 | 00ff d0f4 
[Deopt Handler Code]
  0x000001df9fb7ae84: ;   {section_word}
  0x000001df9fb7ae84: 49ba 84ae | b79f df01 | 0000 4152 

  0x000001df9fb7ae90: ;   {runtime_call DeoptimizationBlob}
  0x000001df9fb7ae90: e98b 983f | 07f4 f4f4 
[/MachCode]


Compiled method (c1) 2228  674   !   3       java.security.AccessController::doPrivileged (26 bytes)
 total in heap  [0x000001df9fb08890,0x000001df9fb091f8] = 2408
 relocation     [0x000001df9fb089f0,0x000001df9fb08aa0] = 176
 main code      [0x000001df9fb08aa0,0x000001df9fb08f08] = 1128
 stub code      [0x000001df9fb08f08,0x000001df9fb08f90] = 136
 metadata       [0x000001df9fb08f90,0x000001df9fb08fb0] = 32
 scopes data    [0x000001df9fb08fb0,0x000001df9fb09080] = 208
 scopes pcs     [0x000001df9fb09080,0x000001df9fb09170] = 240
 dependencies   [0x000001df9fb09170,0x000001df9fb09178] = 8
 handler table  [0x000001df9fb09178,0x000001df9fb091e8] = 112
 nul chk table  [0x000001df9fb091e8,0x000001df9fb091f8] = 16

[Constant Pool (empty)]

[MachCode]
[Verified Entry Point]
  # {method} {0x000001dfb1470b98} 'doPrivileged' '(Ljava/security/PrivilegedExceptionAction;Ljava/security/AccessControlContext;)Ljava/lang/Object;' in 'java/security/AccessController'
  # parm0:    rdx:rdx   = 'java/security/PrivilegedExceptionAction'
  # parm1:    r8:r8     = 'java/security/AccessControlContext'
  #           [sp+0x80]  (sp of caller)
  0x000001df9fb08aa0: 8984 2400 | 80ff ff55 | 4883 ec70 | 4181 7f20 | 0100 0000 

  0x000001df9fb08ab4: ;   {runtime_call StubRoutines (final stubs)}
  0x000001df9fb08ab4: 7405 e8e5 

  0x000001df9fb08ab8: ;   {metadata(method data for {method} {0x000001dfb1470b98} 'doPrivileged' '(Ljava/security/PrivilegedExceptionAction;Ljava/security/AccessControlContext;)Ljava/lang/Object;' in 'java/security/AccessController')}
  0x000001df9fb08ab8: da44 0748 | be30 cc11 | f3df 0100 | 008b becc | 0000 0083 | c702 89be | cc00 0000 | 81e7 fe07 
  0x000001df9fb08ad8: 0000 85ff | 0f84 1403 | 0000 4c89 | 4424 4048 | 8954 2448 

  0x000001df9fb08aec: ;   {metadata(method data for {method} {0x000001dfb1470b98} 'doPrivileged' '(Ljava/security/PrivilegedExceptionAction;Ljava/security/AccessControlContext;)Ljava/lang/Object;' in 'java/security/AccessController')}
  0x000001df9fb08aec: 48be 30cc | 11f3 df01 | 0000 4883 | 8610 0100 

  0x000001df9fb08afc: ;   {static_call}
  0x000001df9fb08afc: 0001 90e8 

  0x000001df9fb08b00: ; ImmutableOopMap {[64]=Oop [72]=Oop }
                      ;*invokestatic getCallerClass {reexecute=0 rethrow=0 return_oop=0}
                      ; - java.security.AccessController::doPrivileged@0 (line 711)
  0x000001df9fb08b00: dca3 9e07 

  0x000001df9fb08b04: ;   {other}
  0x000001df9fb08b04: 0f1f 8400 | 7402 0000 

  0x000001df9fb08b0c: ;   {metadata(method data for {method} {0x000001dfb1470b98} 'doPrivileged' '(Ljava/security/PrivilegedExceptionAction;Ljava/security/AccessControlContext;)Ljava/lang/Object;' in 'java/security/AccessController')}
  0x000001df9fb08b0c: 48ba 30cc | 11f3 df01 | 0000 4883 | 8220 0100 | 0001 488b | 5424 404c | 8bc0 4889 | 4424 500f 
  0x000001df9fb08b2c: ;   {static_call}
  0x000001df9fb08b2c: 1f40 00e8 

  0x000001df9fb08b30: ; ImmutableOopMap {[72]=Oop [80]=Oop }
                      ;*invokestatic checkContext {reexecute=0 rethrow=0 return_oop=0}
                      ; - java.security.AccessController::doPrivileged@6 (line 712)
  0x000001df9fb08b30: 0c15 ffff 

  0x000001df9fb08b34: ;   {other}
  0x000001df9fb08b34: 0f1f 8400 | a402 0001 | 4889 4424 

  0x000001df9fb08b40: ;   {metadata(method data for {method} {0x000001dfb1470b98} 'doPrivileged' '(Ljava/security/PrivilegedExceptionAction;Ljava/security/AccessControlContext;)Ljava/lang/Object;' in 'java/security/AccessController')}
  0x000001df9fb08b40: 5848 ba30 | cc11 f3df | 0100 0048 | 8382 3001 

  0x000001df9fb08b50: ;   {metadata(method data for {method} {0x000001dfb1470e20} 'executePrivileged' '(Ljava/security/PrivilegedExceptionAction;Ljava/security/AccessControlContext;Ljava/lang/Class;)Ljava/lang/Object;' in 'java/security/AccessController')}
  0x000001df9fb08b50: 0000 0148 | baf0 7e13 | f3df 0100 | 008b b2cc | 0000 0083 | c602 89b2 | cc00 0000 | 81e6 feff 
  0x000001df9fb08b70: 1f00 85f6 | 0f84 9d02 | 0000 4885 

  0x000001df9fb08b7c: ;   {metadata(method data for {method} {0x000001dfb1470e20} 'executePrivileged' '(Ljava/security/PrivilegedExceptionAction;Ljava/security/AccessControlContext;Ljava/lang/Class;)Ljava/lang/Object;' in 'java/security/AccessController')}
  0x000001df9fb08b7c: c048 baf0 | 7e13 f3df | 0100 0048 | c7c6 1001 | 0000 7407 | 48c7 c620 | 0100 0048 | 8b3c 3248 
  0x000001df9fb08b9c: 8d7f 0148 | 893c 320f | 8423 0000 

  0x000001df9fb08ba8: ;   {metadata(method data for {method} {0x000001dfb1470e20} 'executePrivileged' '(Ljava/security/PrivilegedExceptionAction;Ljava/security/AccessControlContext;Ljava/lang/Class;)Ljava/lang/Object;' in 'java/security/AccessController')}
  0x000001df9fb08ba8: 0048 baf0 | 7e13 f3df | 0100 0048 | 8382 3001 | 0000 0148 

  0x000001df9fb08bbc: ;   {static_call}
  0x000001df9fb08bbc: 8bd0 90e8 

  0x000001df9fb08bc0: ; ImmutableOopMap {[72]=Oop [80]=Oop [88]=Oop }
                      ;*invokestatic ensureMaterializedForStackWalk {reexecute=0 rethrow=0 return_oop=0}
                      ; - java.security.AccessController::executePrivileged@5 (line 805)
                      ; - java.security.AccessController::doPrivileged@13 (line 714)
  0x000001df9fb08bc0: 9cf0 9e07 

  0x000001df9fb08bc4: ;   {other}
  0x000001df9fb08bc4: 0f1f 8400 | 3403 0002 

  0x000001df9fb08bcc: ;   {metadata(method data for {method} {0x000001dfb1470e20} 'executePrivileged' '(Ljava/security/PrivilegedExceptionAction;Ljava/security/AccessControlContext;Ljava/lang/Class;)Ljava/lang/Object;' in 'java/security/AccessController')}
  0x000001df9fb08bcc: 48ba f07e | 13f3 df01 | 0000 ff82 | 4001 0000 | 488b 5424 | 4848 3b02 

  0x000001df9fb08be4: ;   {metadata(method data for {method} {0x000001dfb1470e20} 'executePrivileged' '(Ljava/security/PrivilegedExceptionAction;Ljava/security/AccessControlContext;Ljava/lang/Class;)Ljava/lang/Object;' in 'java/security/AccessController')}
  0x000001df9fb08be4: 488b f248 | bff0 7e13 | f3df 0100 | 008b 7608 | 49ba 0000 | 00b1 df01 | 0000 4903 | f248 3bb7 
  0x000001df9fb08c04: b001 0000 | 750d 4883 | 87b8 0100 | 0001 e960 | 0000 0048 | 3bb7 c001 | 0000 750d | 4883 87c8 
  0x000001df9fb08c24: 0100 0001 | e94a 0000 | 0048 83bf | b001 0000 | 0075 1748 | 89b7 b001 | 0000 48c7 | 87b8 0100 
  0x000001df9fb08c44: 0001 0000 | 00e9 2900 | 0000 4883 | bfc0 0100 | 0000 7517 | 4889 b7c0 | 0100 0048 | c787 c801 
  0x000001df9fb08c64: 0000 0100 | 0000 e908 | 0000 0048 | 8387 a001 | 0000 0166 | 0f1f 4400 | 0048 b8ff | ffff ffff 
  0x000001df9fb08c84: ;   {virtual_call}
  0x000001df9fb08c84: ffff ffe8 

  0x000001df9fb08c88: ; ImmutableOopMap {[80]=Oop [88]=Oop }
                      ;*invokeinterface run {reexecute=0 rethrow=0 return_oop=0}
                      ; - java.security.AccessController::executePrivileged@29 (line 809)
                      ; - java.security.AccessController::doPrivileged@13 (line 714)
  0x000001df9fb08c88: 942a 4607 

  0x000001df9fb08c8c: ;   {other}
  0x000001df9fb08c8c: 0f1f 8400 | fc03 0003 

  0x000001df9fb08c94: ;   {metadata(method data for {method} {0x000001dfb1470e20} 'executePrivileged' '(Ljava/security/PrivilegedExceptionAction;Ljava/security/AccessControlContext;Ljava/lang/Class;)Ljava/lang/Object;' in 'java/security/AccessController')}
  0x000001df9fb08c94: 48ba f07e | 13f3 df01 | 0000 ff82 | d801 0000 | 488b 5424 

  0x000001df9fb08ca8: ;   {metadata(method data for {method} {0x000001dfb1470e20} 'executePrivileged' '(Ljava/security/PrivilegedExceptionAction;Ljava/security/AccessControlContext;Ljava/lang/Class;)Ljava/lang/Object;' in 'java/security/AccessController')}
  0x000001df9fb08ca8: 5049 b8f0 | 7e13 f3df | 0100 0049 | 8380 3802 

  0x000001df9fb08cb8: ;   {metadata(method data for {method} {0x000001dfb103dbd0} 'reachabilityFence' '(Ljava/lang/Object;)V' in 'java/lang/ref/Reference')}
  0x000001df9fb08cb8: 0000 0149 | b8b0 6610 | f3df 0100 | 0041 8bb0 | cc00 0000 | 83c6 0241 | 89b0 cc00 | 0000 81e6 
  0x000001df9fb08cd8: feff 1f00 | 85f6 0f84 | 5901 0000 

  0x000001df9fb08ce4: ;   {metadata(method data for {method} {0x000001dfb1470e20} 'executePrivileged' '(Ljava/security/PrivilegedExceptionAction;Ljava/security/AccessControlContext;Ljava/lang/Class;)Ljava/lang/Object;' in 'java/security/AccessController')}
  0x000001df9fb08ce4: 48ba f07e | 13f3 df01 | 0000 4883 | 8248 0200 

  0x000001df9fb08cf4: ;   {metadata(method data for {method} {0x000001dfb103dbd0} 'reachabilityFence' '(Ljava/lang/Object;)V' in 'java/lang/ref/Reference')}
  0x000001df9fb08cf4: 0001 48ba | b066 10f3 | df01 0000 | 448b 82cc | 0000 0041 | 83c0 0244 | 8982 cc00 | 0000 4181 
  0x000001df9fb08d14: e0fe ff1f | 0045 85c0 | 0f84 3c01 | 0000 4883 

  0x000001df9fb08d24: ;   {poll_return}
  0x000001df9fb08d24: c470 5d49 | 3ba7 5004 | 0000 0f87 | 4b01 0000 | c349 8b87 | 0005 0000 | 4d33 d24d | 8997 0005 
  0x000001df9fb08d44: 0000 4d33 | d24d 8997 | 0805 0000 

  0x000001df9fb08d50: ;   {metadata(method data for {method} {0x000001dfb1470b98} 'doPrivileged' '(Ljava/security/PrivilegedExceptionAction;Ljava/security/AccessControlContext;)Ljava/lang/Object;' in 'java/security/AccessController')}
  0x000001df9fb08d50: 4c8b c048 | ba30 cc11 | f3df 0100 | 0048 8382 | 4001 0000 

  0x000001df9fb08d64: ;   {metadata(method data for {method} {0x000001dfb1470758} 'wrapException' '(Ljava/lang/Exception;)Ljava/security/PrivilegedActionException;' in 'java/security/AccessController')}
  0x000001df9fb08d64: 0148 baa8 | bf13 f3df | 0100 008b | 82cc 0000 | 0083 c002 | 8982 cc00 | 0000 25fe | ff1f 0085 
  0x000001df9fb08d84: c00f 840a | 0100 000f | 1f44 0000 

  0x000001df9fb08d90: ;   {metadata('java/security/PrivilegedActionException')}
  0x000001df9fb08d90: 48ba 6892 | 05b2 df01 | 0000 e930 | 0100 0048 

  0x000001df9fb08da0: ;   {metadata(method data for {method} {0x000001dfb1470758} 'wrapException' '(Ljava/lang/Exception;)Ljava/security/PrivilegedActionException;' in 'java/security/AccessController')}
  0x000001df9fb08da0: 8bd0 48be | a8bf 13f3 | df01 0000 | 4883 8610 | 0100 0001 | 488b d048 | 8944 2460 

  0x000001df9fb08dbc: ;   {optimized virtual_call}
  0x000001df9fb08dbc: 6666 90e8 

  0x000001df9fb08dc0: ; ImmutableOopMap {[96]=Oop }
                      ;*invokespecial <init> {reexecute=0 rethrow=0 return_oop=0}
                      ; - java.security.AccessController::wrapException@5 (line 830)
                      ; - java.security.AccessController::doPrivileged@22 (line 718)
  0x000001df9fb08dc0: 5901 0000 

  0x000001df9fb08dc4: ;   {other}
  0x000001df9fb08dc4: 0f1f 8400 | 3405 0004 | 488b 4424 | 60e9 2301 | 0000 498b | 8700 0500 | 004d 33d2 | 4d89 9700 
  0x000001df9fb08de4: 0500 004d | 33d2 4d89 | 9708 0500 | 00e9 0301 

  0x000001df9fb08df4: ;   {metadata({method} {0x000001dfb1470b98} 'doPrivileged' '(Ljava/security/PrivilegedExceptionAction;Ljava/security/AccessControlContext;)Ljava/lang/Object;' in 'java/security/AccessController')}
  0x000001df9fb08df4: 0000 49ba | 900b 47b1 | df01 0000 | 4c89 5424 | 0848 c704 | 24ff ffff 

  0x000001df9fb08e0c: ;   {runtime_call counter_overflow Runtime1 stub}
  0x000001df9fb08e0c: ffe8 ee57 

  0x000001df9fb08e10: ; ImmutableOopMap {rdx=Oop r8=Oop }
                      ;*synchronization entry
                      ; - java.security.AccessController::doPrivileged@-1 (line 711)
  0x000001df9fb08e10: 5207 e9cb 

  0x000001df9fb08e14: ;   {metadata({method} {0x000001dfb1470e20} 'executePrivileged' '(Ljava/security/PrivilegedExceptionAction;Ljava/security/AccessControlContext;Ljava/lang/Class;)Ljava/lang/Object;' in 'java/security/AccessController')}
  0x000001df9fb08e14: fcff ff49 | ba18 0e47 | b1df 0100 | 004c 8954 | 2408 48c7 | 0424 ffff 

  0x000001df9fb08e2c: ;   {runtime_call counter_overflow Runtime1 stub}
  0x000001df9fb08e2c: ffff e8cd 

  0x000001df9fb08e30: ; ImmutableOopMap {rax=Oop [72]=Oop [80]=Oop [88]=Oop }
                      ;*synchronization entry
                      ; - java.security.AccessController::executePrivileged@-1 (line 804)
                      ; - java.security.AccessController::doPrivileged@13 (line 714)
  0x000001df9fb08e30: 5752 07e9 | 42fd ffff 

  0x000001df9fb08e38: ;   {runtime_call throw_null_pointer_exception Runtime1 stub}
  0x000001df9fb08e38: e8c3 0652 

  0x000001df9fb08e3c: ; ImmutableOopMap {rdx=Oop [80]=Oop [88]=Oop }
                      ;*invokeinterface run {reexecute=0 rethrow=0 return_oop=0}
                      ; - java.security.AccessController::executePrivileged@29 (line 809)
                      ; - java.security.AccessController::doPrivileged@13 (line 714)
                      ;   {metadata({method} {0x000001dfb103dbd0} 'reachabilityFence' '(Ljava/lang/Object;)V' in 'java/lang/ref/Reference')}
  0x000001df9fb08e3c: 0749 bac8 | db03 b1df | 0100 004c | 8954 2408 | 48c7 0424 | ffff ffff 

  0x000001df9fb08e54: ;   {runtime_call counter_overflow Runtime1 stub}
  0x000001df9fb08e54: e8a7 5752 

  0x000001df9fb08e58: ; ImmutableOopMap {rax=Oop rdx=Oop }
                      ;*synchronization entry
                      ; - java.lang.ref.Reference::reachabilityFence@-1 (line 628)
                      ; - java.security.AccessController::executePrivileged@56 (line 814)
                      ; - java.security.AccessController::doPrivileged@13 (line 714)
  0x000001df9fb08e58: 07e9 86fe 

  0x000001df9fb08e5c: ;   {metadata({method} {0x000001dfb103dbd0} 'reachabilityFence' '(Ljava/lang/Object;)V' in 'java/lang/ref/Reference')}
  0x000001df9fb08e5c: ffff 49ba | c8db 03b1 | df01 0000 | 4c89 5424 | 0848 c704 | 24ff ffff 

  0x000001df9fb08e74: ;   {runtime_call counter_overflow Runtime1 stub}
  0x000001df9fb08e74: ffe8 8657 

  0x000001df9fb08e78: ; ImmutableOopMap {rax=Oop }
                      ;*synchronization entry
                      ; - java.lang.ref.Reference::reachabilityFence@-1 (line 628)
                      ; - java.security.AccessController::executePrivileged@60 (line 815)
                      ; - java.security.AccessController::doPrivileged@13 (line 714)
  0x000001df9fb08e78: 5207 e9a3 

  0x000001df9fb08e7c: ;   {internal_word}
  0x000001df9fb08e7c: feff ff49 | ba27 8db0 | 9fdf 0100 | 004d 8997 | 6804 0000 

  0x000001df9fb08e90: ;   {runtime_call SafepointBlob}
  0x000001df9fb08e90: e9eb c546 

  0x000001df9fb08e94: ;   {metadata({method} {0x000001dfb1470758} 'wrapException' '(Ljava/lang/Exception;)Ljava/security/PrivilegedActionException;' in 'java/security/AccessController')}
  0x000001df9fb08e94: 0749 ba50 | 0747 b1df | 0100 004c | 8954 2408 | 48c7 0424 | ffff ffff 

  0x000001df9fb08eac: ;   {runtime_call counter_overflow Runtime1 stub}
  0x000001df9fb08eac: e84f 5752 

  0x000001df9fb08eb0: ; ImmutableOopMap {r8=Oop }
                      ;*synchronization entry
                      ; - java.security.AccessController::wrapException@-1 (line 830)
                      ; - java.security.AccessController::doPrivileged@22 (line 718)
  0x000001df9fb08eb0: 07e9 d5fe 

  0x000001df9fb08eb4: ;   {metadata('java/security/PrivilegedActionException')}
  0x000001df9fb08eb4: ffff 48ba | 6892 05b2 | df01 0000 | b800 0f05 

  0x000001df9fb08ec4: ;   {runtime_call load_klass_patching Runtime1 stub}
  0x000001df9fb08ec4: 0ae8 b646 

  0x000001df9fb08ec8: ; ImmutableOopMap {r8=Oop }
                      ;*new {reexecute=1 rethrow=0 return_oop=0}
                      ; - (reexecute) java.security.AccessController::wrapException@0 (line 830)
                      ; - java.security.AccessController::doPrivileged@22 (line 718)
  0x000001df9fb08ec8: 5207 e9c1 | feff ff48 

  0x000001df9fb08ed0: ;   {runtime_call new_instance Runtime1 stub}
  0x000001df9fb08ed0: 8bd2 e829 

  0x000001df9fb08ed4: ; ImmutableOopMap {r8=Oop }
                      ;*new {reexecute=0 rethrow=0 return_oop=0}
                      ; - java.security.AccessController::wrapException@0 (line 830)
                      ; - java.security.AccessController::doPrivileged@22 (line 718)
  0x000001df9fb08ed4: 0c52 07e9 | c3fe ffff | 498b 8700 | 0500 0049 | c787 0005 | 0000 0000 | 0000 49c7 | 8708 0500 
  0x000001df9fb08ef4: 0000 0000 | 0048 83c4 

  0x000001df9fb08efc: ;   {runtime_call unwind_exception Runtime1 stub}
  0x000001df9fb08efc: 705d e9fd | f651 07f4 | f4f4 f4f4 
[Stub Code]
  0x000001df9fb08f08: ;   {no_reloc}
  0x000001df9fb08f08: 0f1f 4400 

  0x000001df9fb08f0c: ;   {static_stub}
  0x000001df9fb08f0c: 0048 bb00 | 0000 0000 

  0x000001df9fb08f14: ;   {runtime_call nmethod}
  0x000001df9fb08f14: 0000 00e9 | fbff ffff 

  0x000001df9fb08f1c: ;   {static_stub}
  0x000001df9fb08f1c: 9048 bb00 | 0514 f3df 

  0x000001df9fb08f24: ;   {runtime_call I2C/C2I adapters}
  0x000001df9fb08f24: 0100 00e9 | bbb0 4607 

  0x000001df9fb08f2c: ;   {static_stub}
  0x000001df9fb08f2c: 48bb 0000 | 0000 0000 

  0x000001df9fb08f34: ;   {runtime_call nmethod}
  0x000001df9fb08f34: 0000 e9fb 

  0x000001df9fb08f38: ;   {static_stub}
  0x000001df9fb08f38: ffff ff48 | bb00 0000 | 0000 0000 

  0x000001df9fb08f44: ;   {runtime_call nmethod}
  0x000001df9fb08f44: 00e9 fbff 

  0x000001df9fb08f48: ;   {static_stub}
  0x000001df9fb08f48: ffff 48bb | 0000 0000 | 0000 0000 

  0x000001df9fb08f54: ;   {runtime_call nmethod}
  0x000001df9fb08f54: e9fb ffff 

  0x000001df9fb08f58: ;   {runtime_call handle_exception_from_callee Runtime1 stub}
  0x000001df9fb08f58: ffe8 a223 

  0x000001df9fb08f5c: ;   {external_word}
  0x000001df9fb08f5c: 5207 48b9 | 4053 90e7 | f97f 0000 | 4883 e4f0 

  0x000001df9fb08f6c: ;   {runtime_call}
  0x000001df9fb08f6c: 48b8 b0c3 | 52e7 f97f | 0000 ffd0 

  0x000001df9fb08f78: ;   {section_word}
  0x000001df9fb08f78: f449 ba79 | 8fb0 9fdf | 0100 0041 

  0x000001df9fb08f84: ;   {runtime_call DeoptimizationBlob}
  0x000001df9fb08f84: 52e9 96b7 | 4607 f4f4 | f4f4 f4f4 
[/MachCode]


---------------  P R O C E S S  ---------------

Threads class SMR info:
_java_thread_list=0x000001dff26a41f0, length=11, elements={
0x000001df94f63310, 0x000001dff20fb490, 0x000001dff20fd260, 0x000001dff2101e20,
0x000001dff2104990, 0x000001dff21053f0, 0x000001dff21060d0, 0x000001dff2107da0,
0x000001dff2121460, 0x000001dff224d160, 0x000001dff22729c0
}

Java Threads: ( => current thread )
=>0x000001df94f63310 JavaThread "main"                              [_thread_in_vm, id=860, stack(0x0000002b71500000,0x0000002b71600000) (1024K)]
  0x000001dff20fb490 JavaThread "Reference Handler"          daemon [_thread_blocked, id=8676, stack(0x0000002b71d00000,0x0000002b71e00000) (1024K)]
  0x000001dff20fd260 JavaThread "Finalizer"                  daemon [_thread_blocked, id=2920, stack(0x0000002b71e00000,0x0000002b71f00000) (1024K)]
  0x000001dff2101e20 JavaThread "Signal Dispatcher"          daemon [_thread_blocked, id=4380, stack(0x0000002b71f00000,0x0000002b72000000) (1024K)]
  0x000001dff2104990 JavaThread "Attach Listener"            daemon [_thread_blocked, id=3124, stack(0x0000002b72000000,0x0000002b72100000) (1024K)]
  0x000001dff21053f0 JavaThread "Service Thread"             daemon [_thread_blocked, id=4628, stack(0x0000002b72100000,0x0000002b72200000) (1024K)]
  0x000001dff21060d0 JavaThread "Monitor Deflation Thread"   daemon [_thread_blocked, id=9832, stack(0x0000002b72200000,0x0000002b72300000) (1024K)]
  0x000001dff2107da0 JavaThread "C2 CompilerThread0"         daemon [_thread_blocked, id=1012, stack(0x0000002b72300000,0x0000002b72400000) (1024K)]
  0x000001dff2121460 JavaThread "C1 CompilerThread0"         daemon [_thread_blocked, id=3448, stack(0x0000002b72400000,0x0000002b72500000) (1024K)]
  0x000001dff224d160 JavaThread "Notification Thread"        daemon [_thread_blocked, id=4236, stack(0x0000002b72500000,0x0000002b72600000) (1024K)]
  0x000001dff22729c0 JavaThread "Common-Cleaner"             daemon [_thread_blocked, id=12276, stack(0x0000002b72600000,0x0000002b72700000) (1024K)]
Total: 11

Other Threads:
  0x000001dff20e2830 VMThread "VM Thread"                           [id=5564, stack(0x0000002b71c00000,0x0000002b71d00000) (1024K)]
  0x000001df97391080 WatcherThread "VM Periodic Task Thread"        [id=5368, stack(0x0000002b71b00000,0x0000002b71c00000) (1024K)]
  0x000001df972e8f10 WorkerThread "GC Thread#0"                     [id=6556, stack(0x0000002b71600000,0x0000002b71700000) (1024K)]
  0x000001dff257fd30 WorkerThread "GC Thread#1"                     [id=2020, stack(0x0000002b72800000,0x0000002b72900000) (1024K)]
  0x000001dff24d8550 WorkerThread "GC Thread#2"                     [id=4456, stack(0x0000002b72900000,0x0000002b72a00000) (1024K)]
  0x000001dff24d8900 WorkerThread "GC Thread#3"                     [id=1936, stack(0x0000002b72a00000,0x0000002b72b00000) (1024K)]
  0x000001df972ea700 ConcurrentGCThread "G1 Main Marker"            [id=8612, stack(0x0000002b71700000,0x0000002b71800000) (1024K)]
  0x000001df972eb210 WorkerThread "G1 Conc#0"                       [id=10036, stack(0x0000002b71800000,0x0000002b71900000) (1024K)]
  0x000001df97341d30 ConcurrentGCThread "G1 Refine#0"               [id=9668, stack(0x0000002b71900000,0x0000002b71a00000) (1024K)]
  0x000001df973428b0 ConcurrentGCThread "G1 Service"                [id=5896, stack(0x0000002b71a00000,0x0000002b71b00000) (1024K)]
Total: 10

Threads with active compile tasks:
Total: 0

VM state: not at safepoint (normal execution)

VM Mutex/Monitor currently owned by a thread:  ([mutex/lock_event])
[0x00007ff9e7bbc4e0] Metaspace_lock - owner thread: 0x000001df94f63310

Heap address: 0x00000000fc000000, size: 64 MB, Compressed Oops mode: 32-bit

CDS archive(s) mapped at: [0x000001dfb1000000-0x000001dfb1c80000-0x000001dfb1c80000), size 13107200, SharedBaseAddress: 0x000001dfb1000000, ArchiveRelocationMode: 1.
Compressed class space mapped at: 0x000001dfb2000000-0x000001dff2000000, reserved size: 1073741824
Narrow klass base: 0x000001dfb1000000, Narrow klass shift: 0, Narrow klass range: 0x100000000

GC Precious Log:
 CardTable entry size: 512
 Card Set container configuration: InlinePtr #cards 5 size 8 Array Of Cards #cards 12 size 40 Howl #buckets 4 coarsen threshold 1843 Howl Bitmap #cards 512 size 80 coarsen threshold 460 Card regions per heap region 1 cards per card region 2048
 CPUs: 4 total, 4 available
 Memory: 12188M
 Large Page Support: Disabled
 NUMA Support: Disabled
 Compressed Oops: Enabled (32-bit)
 Heap Region Size: 1M
 Heap Min Capacity: 64M
 Heap Initial Capacity: 64M
 Heap Max Capacity: 64M
 Pre-touch: Disabled
 Parallel Workers: 4
 Concurrent Workers: 1
 Concurrent Refinement Workers: 4
 Periodic GC: Disabled

Heap:
 garbage-first heap   total 65536K, used 8256K [0x00000000fc000000, 0x0000000100000000)
  region size 1024K, 9 young (9216K), 2 survivors (2048K)
 Metaspace       used 3050K, committed 3200K, reserved 1114112K
  class space    used 329K, committed 448K, reserved 1048576K

Heap Regions: E=young(eden), S=young(survivor), O=old, HS=humongous(starts), HC=humongous(continues), CS=collection set, F=free, TAMS=top-at-mark-start, PB=parsable bottom
|   0|0x00000000fc000000, 0x00000000fc010000, 0x00000000fc100000|  6%| O|  |TAMS 0x00000000fc000000| PB 0x00000000fc000000| Untracked 
|   1|0x00000000fc100000, 0x00000000fc100000, 0x00000000fc200000|  0%| F|  |TAMS 0x00000000fc100000| PB 0x00000000fc100000| Untracked 
|   2|0x00000000fc200000, 0x00000000fc200000, 0x00000000fc300000|  0%| F|  |TAMS 0x00000000fc200000| PB 0x00000000fc200000| Untracked 
|   3|0x00000000fc300000, 0x00000000fc300000, 0x00000000fc400000|  0%| F|  |TAMS 0x00000000fc300000| PB 0x00000000fc300000| Untracked 
|   4|0x00000000fc400000, 0x00000000fc400000, 0x00000000fc500000|  0%| F|  |TAMS 0x00000000fc400000| PB 0x00000000fc400000| Untracked 
|   5|0x00000000fc500000, 0x00000000fc500000, 0x00000000fc600000|  0%| F|  |TAMS 0x00000000fc500000| PB 0x00000000fc500000| Untracked 
|   6|0x00000000fc600000, 0x00000000fc600000, 0x00000000fc700000|  0%| F|  |TAMS 0x00000000fc600000| PB 0x00000000fc600000| Untracked 
|   7|0x00000000fc700000, 0x00000000fc700000, 0x00000000fc800000|  0%| F|  |TAMS 0x00000000fc700000| PB 0x00000000fc700000| Untracked 
|   8|0x00000000fc800000, 0x00000000fc800000, 0x00000000fc900000|  0%| F|  |TAMS 0x00000000fc800000| PB 0x00000000fc800000| Untracked 
|   9|0x00000000fc900000, 0x00000000fc900000, 0x00000000fca00000|  0%| F|  |TAMS 0x00000000fc900000| PB 0x00000000fc900000| Untracked 
|  10|0x00000000fca00000, 0x00000000fca00000, 0x00000000fcb00000|  0%| F|  |TAMS 0x00000000fca00000| PB 0x00000000fca00000| Untracked 
|  11|0x00000000fcb00000, 0x00000000fcb00000, 0x00000000fcc00000|  0%| F|  |TAMS 0x00000000fcb00000| PB 0x00000000fcb00000| Untracked 
|  12|0x00000000fcc00000, 0x00000000fcc00000, 0x00000000fcd00000|  0%| F|  |TAMS 0x00000000fcc00000| PB 0x00000000fcc00000| Untracked 
|  13|0x00000000fcd00000, 0x00000000fcd00000, 0x00000000fce00000|  0%| F|  |TAMS 0x00000000fcd00000| PB 0x00000000fcd00000| Untracked 
|  14|0x00000000fce00000, 0x00000000fce00000, 0x00000000fcf00000|  0%| F|  |TAMS 0x00000000fce00000| PB 0x00000000fce00000| Untracked 
|  15|0x00000000fcf00000, 0x00000000fcf00000, 0x00000000fd000000|  0%| F|  |TAMS 0x00000000fcf00000| PB 0x00000000fcf00000| Untracked 
|  16|0x00000000fd000000, 0x00000000fd000000, 0x00000000fd100000|  0%| F|  |TAMS 0x00000000fd000000| PB 0x00000000fd000000| Untracked 
|  17|0x00000000fd100000, 0x00000000fd100000, 0x00000000fd200000|  0%| F|  |TAMS 0x00000000fd100000| PB 0x00000000fd100000| Untracked 
|  18|0x00000000fd200000, 0x00000000fd200000, 0x00000000fd300000|  0%| F|  |TAMS 0x00000000fd200000| PB 0x00000000fd200000| Untracked 
|  19|0x00000000fd300000, 0x00000000fd300000, 0x00000000fd400000|  0%| F|  |TAMS 0x00000000fd300000| PB 0x00000000fd300000| Untracked 
|  20|0x00000000fd400000, 0x00000000fd400000, 0x00000000fd500000|  0%| F|  |TAMS 0x00000000fd400000| PB 0x00000000fd400000| Untracked 
|  21|0x00000000fd500000, 0x00000000fd500000, 0x00000000fd600000|  0%| F|  |TAMS 0x00000000fd500000| PB 0x00000000fd500000| Untracked 
|  22|0x00000000fd600000, 0x00000000fd600000, 0x00000000fd700000|  0%| F|  |TAMS 0x00000000fd600000| PB 0x00000000fd600000| Untracked 
|  23|0x00000000fd700000, 0x00000000fd700000, 0x00000000fd800000|  0%| F|  |TAMS 0x00000000fd700000| PB 0x00000000fd700000| Untracked 
|  24|0x00000000fd800000, 0x00000000fd800000, 0x00000000fd900000|  0%| F|  |TAMS 0x00000000fd800000| PB 0x00000000fd800000| Untracked 
|  25|0x00000000fd900000, 0x00000000fd900000, 0x00000000fda00000|  0%| F|  |TAMS 0x00000000fd900000| PB 0x00000000fd900000| Untracked 
|  26|0x00000000fda00000, 0x00000000fda00000, 0x00000000fdb00000|  0%| F|  |TAMS 0x00000000fda00000| PB 0x00000000fda00000| Untracked 
|  27|0x00000000fdb00000, 0x00000000fdb00000, 0x00000000fdc00000|  0%| F|  |TAMS 0x00000000fdb00000| PB 0x00000000fdb00000| Untracked 
|  28|0x00000000fdc00000, 0x00000000fdc00000, 0x00000000fdd00000|  0%| F|  |TAMS 0x00000000fdc00000| PB 0x00000000fdc00000| Untracked 
|  29|0x00000000fdd00000, 0x00000000fdd00000, 0x00000000fde00000|  0%| F|  |TAMS 0x00000000fdd00000| PB 0x00000000fdd00000| Untracked 
|  30|0x00000000fde00000, 0x00000000fde00000, 0x00000000fdf00000|  0%| F|  |TAMS 0x00000000fde00000| PB 0x00000000fde00000| Untracked 
|  31|0x00000000fdf00000, 0x00000000fdf00000, 0x00000000fe000000|  0%| F|  |TAMS 0x00000000fdf00000| PB 0x00000000fdf00000| Untracked 
|  32|0x00000000fe000000, 0x00000000fe000000, 0x00000000fe100000|  0%| F|  |TAMS 0x00000000fe000000| PB 0x00000000fe000000| Untracked 
|  33|0x00000000fe100000, 0x00000000fe100000, 0x00000000fe200000|  0%| F|  |TAMS 0x00000000fe100000| PB 0x00000000fe100000| Untracked 
|  34|0x00000000fe200000, 0x00000000fe200000, 0x00000000fe300000|  0%| F|  |TAMS 0x00000000fe200000| PB 0x00000000fe200000| Untracked 
|  35|0x00000000fe300000, 0x00000000fe300000, 0x00000000fe400000|  0%| F|  |TAMS 0x00000000fe300000| PB 0x00000000fe300000| Untracked 
|  36|0x00000000fe400000, 0x00000000fe400000, 0x00000000fe500000|  0%| F|  |TAMS 0x00000000fe400000| PB 0x00000000fe400000| Untracked 
|  37|0x00000000fe500000, 0x00000000fe500000, 0x00000000fe600000|  0%| F|  |TAMS 0x00000000fe500000| PB 0x00000000fe500000| Untracked 
|  38|0x00000000fe600000, 0x00000000fe600000, 0x00000000fe700000|  0%| F|  |TAMS 0x00000000fe600000| PB 0x00000000fe600000| Untracked 
|  39|0x00000000fe700000, 0x00000000fe700000, 0x00000000fe800000|  0%| F|  |TAMS 0x00000000fe700000| PB 0x00000000fe700000| Untracked 
|  40|0x00000000fe800000, 0x00000000fe800000, 0x00000000fe900000|  0%| F|  |TAMS 0x00000000fe800000| PB 0x00000000fe800000| Untracked 
|  41|0x00000000fe900000, 0x00000000fe900000, 0x00000000fea00000|  0%| F|  |TAMS 0x00000000fe900000| PB 0x00000000fe900000| Untracked 
|  42|0x00000000fea00000, 0x00000000fea00000, 0x00000000feb00000|  0%| F|  |TAMS 0x00000000fea00000| PB 0x00000000fea00000| Untracked 
|  43|0x00000000feb00000, 0x00000000feb00000, 0x00000000fec00000|  0%| F|  |TAMS 0x00000000feb00000| PB 0x00000000feb00000| Untracked 
|  44|0x00000000fec00000, 0x00000000fec00000, 0x00000000fed00000|  0%| F|  |TAMS 0x00000000fec00000| PB 0x00000000fec00000| Untracked 
|  45|0x00000000fed00000, 0x00000000fed00000, 0x00000000fee00000|  0%| F|  |TAMS 0x00000000fed00000| PB 0x00000000fed00000| Untracked 
|  46|0x00000000fee00000, 0x00000000fee00000, 0x00000000fef00000|  0%| F|  |TAMS 0x00000000fee00000| PB 0x00000000fee00000| Untracked 
|  47|0x00000000fef00000, 0x00000000fef00000, 0x00000000ff000000|  0%| F|  |TAMS 0x00000000fef00000| PB 0x00000000fef00000| Untracked 
|  48|0x00000000ff000000, 0x00000000ff000000, 0x00000000ff100000|  0%| F|  |TAMS 0x00000000ff000000| PB 0x00000000ff000000| Untracked 
|  49|0x00000000ff100000, 0x00000000ff200000, 0x00000000ff200000|100%| S|CS|TAMS 0x00000000ff100000| PB 0x00000000ff100000| Complete 
|  50|0x00000000ff200000, 0x00000000ff300000, 0x00000000ff300000|100%| S|CS|TAMS 0x00000000ff200000| PB 0x00000000ff200000| Complete 
|  51|0x00000000ff300000, 0x00000000ff300000, 0x00000000ff400000|  0%| F|  |TAMS 0x00000000ff300000| PB 0x00000000ff300000| Untracked 
|  52|0x00000000ff400000, 0x00000000ff400000, 0x00000000ff500000|  0%| F|  |TAMS 0x00000000ff400000| PB 0x00000000ff400000| Untracked 
|  53|0x00000000ff500000, 0x00000000ff500000, 0x00000000ff600000|  0%| F|  |TAMS 0x00000000ff500000| PB 0x00000000ff500000| Untracked 
|  54|0x00000000ff600000, 0x00000000ff600000, 0x00000000ff700000|  0%| F|  |TAMS 0x00000000ff600000| PB 0x00000000ff600000| Untracked 
|  55|0x00000000ff700000, 0x00000000ff700000, 0x00000000ff800000|  0%| F|  |TAMS 0x00000000ff700000| PB 0x00000000ff700000| Untracked 
|  56|0x00000000ff800000, 0x00000000ff800000, 0x00000000ff900000|  0%| F|  |TAMS 0x00000000ff800000| PB 0x00000000ff800000| Untracked 
|  57|0x00000000ff900000, 0x00000000ff9f0b18, 0x00000000ffa00000| 94%| E|  |TAMS 0x00000000ff900000| PB 0x00000000ff900000| Complete 
|  58|0x00000000ffa00000, 0x00000000ffb00000, 0x00000000ffb00000|100%| E|CS|TAMS 0x00000000ffa00000| PB 0x00000000ffa00000| Complete 
|  59|0x00000000ffb00000, 0x00000000ffc00000, 0x00000000ffc00000|100%| E|CS|TAMS 0x00000000ffb00000| PB 0x00000000ffb00000| Complete 
|  60|0x00000000ffc00000, 0x00000000ffd00000, 0x00000000ffd00000|100%| E|CS|TAMS 0x00000000ffc00000| PB 0x00000000ffc00000| Complete 
|  61|0x00000000ffd00000, 0x00000000ffe00000, 0x00000000ffe00000|100%| E|CS|TAMS 0x00000000ffd00000| PB 0x00000000ffd00000| Complete 
|  62|0x00000000ffe00000, 0x00000000fff00000, 0x00000000fff00000|100%| E|CS|TAMS 0x00000000ffe00000| PB 0x00000000ffe00000| Complete 
|  63|0x00000000fff00000, 0x0000000100000000, 0x0000000100000000|100%| E|CS|TAMS 0x00000000fff00000| PB 0x00000000fff00000| Complete 

Card table byte_map: [0x000001df95160000,0x000001df95180000] _byte_map_base: 0x000001df94980000

Marking Bits: (CMBitMap*) 0x000001df972e9620
 Bits: [0x000001df970c0000, 0x000001df971c0000)

Polling page: 0x000001df95110000

Metaspace:

Usage:
  Non-class:      2.66 MB used.
      Class:    329.88 KB used.
       Both:      2.98 MB used.

Virtual space:
  Non-class space:       64.00 MB reserved,       2.69 MB (  4%) committed,  1 nodes.
      Class space:        1.00 GB reserved,     448.00 KB ( <1%) committed,  1 nodes.
             Both:        1.06 GB reserved,       3.12 MB ( <1%) committed. 

Chunk freelists:
   Non-Class:  11.05 MB
       Class:  15.55 MB
        Both:  26.59 MB

MaxMetaspaceSize: unlimited
CompressedClassSpaceSize: 1.00 GB
Initial GC threshold: 21.00 MB
Current GC threshold: 21.00 MB
CDS: on
 - commit_granule_bytes: 65536.
 - commit_granule_words: 8192.
 - virtual_space_node_default_size: 8388608.
 - enlarge_chunks_in_place: 1.
 - use_allocation_guard: 0.


Internal statistics:

num_allocs_failed_limit: 0.
num_arena_births: 48.
num_arena_deaths: 0.
num_vsnodes_births: 2.
num_vsnodes_deaths: 0.
num_space_committed: 50.
num_space_uncommitted: 0.
num_chunks_returned_to_freelist: 0.
num_chunks_taken_from_freelist: 122.
num_chunk_merges: 0.
num_chunk_splits: 72.
num_chunks_enlarged: 49.
num_inconsistent_stats: 0.

CodeHeap 'non-profiled nmethods': size=120000Kb used=328Kb max_used=328Kb free=119671Kb
 bounds [0x000001dfa74c0000, 0x000001dfa7730000, 0x000001dfae9f0000]
CodeHeap 'profiled nmethods': size=120000Kb used=1621Kb max_used=1621Kb free=118378Kb
 bounds [0x000001df9f9f0000, 0x000001df9fc60000, 0x000001dfa6f20000]
CodeHeap 'non-nmethods': size=5760Kb used=1262Kb max_used=1283Kb free=4497Kb
 bounds [0x000001dfa6f20000, 0x000001dfa7190000, 0x000001dfa74c0000]
CodeCache: size=245760Kb, used=3211Kb, max_used=3232Kb, free=242546Kb
 total_blobs=1315, nmethods=885, adapters=335, full_count=0
Compilation: enabled, stopped_count=0, restarted_count=0

Compilation events (20 events):
Event: 2.055 Thread 0x000001dff2121460  876       3       sun.net.www.protocol.jar.Handler::checkNestedProtocol (18 bytes)
Event: 2.055 Thread 0x000001dff2121460 nmethod 876 0x000001df9fb7b390 code [0x000001df9fb7b540, 0x000001df9fb7b718]
Event: 2.056 Thread 0x000001dff2121460  877       3       java.lang.Thread::interrupted (7 bytes)
Event: 2.057 Thread 0x000001dff2121460 nmethod 877 0x000001df9fb7b810 code [0x000001df9fb7b9c0, 0x000001df9fb7bc28]
Event: 2.057 Thread 0x000001dff2121460  878       3       java.lang.Thread::getAndClearInterrupt (19 bytes)
Event: 2.057 Thread 0x000001dff2121460 nmethod 878 0x000001df9fb7bd10 code [0x000001df9fb7bec0, 0x000001df9fb7c048]
Event: 2.057 Thread 0x000001dff2121460  879   !   3       java.lang.ClassLoader::addClass (27 bytes)
Event: 2.058 Thread 0x000001dff2121460 nmethod 879 0x000001df9fb7c110 code [0x000001df9fb7c300, 0x000001df9fb7c8c0]
Event: 2.058 Thread 0x000001dff2121460  880       3       sun.net.www.protocol.jar.Handler::parseURL (173 bytes)
Event: 2.059 Thread 0x000001dff2121460 nmethod 880 0x000001df9fb7cc10 code [0x000001df9fb7cec0, 0x000001df9fb7d880]
Event: 2.059 Thread 0x000001dff2121460  881       3       sun.net.www.protocol.jar.Handler::parseContextSpec (150 bytes)
Event: 2.062 Thread 0x000001dff2121460 nmethod 881 0x000001df9fb7dd10 code [0x000001df9fb7e180, 0x000001df9fb7fc40]
Event: 2.062 Thread 0x000001dff2121460  883       3       java.net.URLStreamHandler::toExternalForm (156 bytes)
Event: 2.064 Thread 0x000001dff2121460 nmethod 883 0x000001df9fb80690 code [0x000001df9fb80a80, 0x000001df9fb81fc8]
Event: 2.064 Thread 0x000001dff2121460  882       3       java.net.URLStreamHandler::setURL (159 bytes)
Event: 2.067 Thread 0x000001dff2121460 nmethod 882 0x000001df9fb82790 code [0x000001df9fb82b20, 0x000001df9fb83f88]
Event: 2.096 Thread 0x000001dff2121460  884       3       java.lang.Character$UnicodeBlock::<init> (17 bytes)
Event: 2.097 Thread 0x000001dff2121460 nmethod 884 0x000001df9fb84810 code [0x000001df9fb84a00, 0x000001df9fb84e98]
Event: 2.097 Thread 0x000001dff2121460  885       3       java.lang.Character$Subset::<init> (24 bytes)
Event: 2.097 Thread 0x000001dff2121460 nmethod 885 0x000001df9fb85010 code [0x000001df9fb851e0, 0x000001df9fb854a0]

GC Heap History (2 events):
Event: 1.461 GC heap before
{Heap before GC invocations=0 (full 0):
 garbage-first heap   total 65536K, used 13312K [0x00000000fc000000, 0x0000000100000000)
  region size 1024K, 13 young (13312K), 0 survivors (0K)
 Metaspace       used 1685K, committed 1856K, reserved 1114112K
  class space    used 166K, committed 256K, reserved 1048576K
}
Event: 1.475 GC heap after
{Heap after GC invocations=1 (full 0):
 garbage-first heap   total 65536K, used 2112K [0x00000000fc000000, 0x0000000100000000)
  region size 1024K, 2 young (2048K), 2 survivors (2048K)
 Metaspace       used 1685K, committed 1856K, reserved 1114112K
  class space    used 166K, committed 256K, reserved 1048576K
}

Dll operation events (6 events):
Event: 0.009 Loaded shared library C:\Program Files\Eclipse Adoptium\jdk-21.0.10.7-hotspot\bin\java.dll
Event: 0.069 Loaded shared library C:\Program Files\Eclipse Adoptium\jdk-21.0.10.7-hotspot\bin\jsvml.dll
Event: 0.136 Loaded shared library C:\Program Files\Eclipse Adoptium\jdk-21.0.10.7-hotspot\bin\net.dll
Event: 0.139 Loaded shared library C:\Program Files\Eclipse Adoptium\jdk-21.0.10.7-hotspot\bin\nio.dll
Event: 0.145 Loaded shared library C:\Program Files\Eclipse Adoptium\jdk-21.0.10.7-hotspot\bin\zip.dll
Event: 1.181 Loaded shared library C:\Program Files\Eclipse Adoptium\jdk-21.0.10.7-hotspot\bin\jimage.dll

Deoptimization events (20 events):
Event: 1.111 Thread 0x000001df94f63310 DEOPT PACKING pc=0x000001df9fa65502 sp=0x0000002b715fe9d0
Event: 1.111 Thread 0x000001df94f63310 DEOPT UNPACKING pc=0x000001dfa6f74bc2 sp=0x0000002b715fde90 mode 0
Event: 1.112 Thread 0x000001df94f63310 DEOPT PACKING pc=0x000001df9fa65502 sp=0x0000002b715fe9d0
Event: 1.112 Thread 0x000001df94f63310 DEOPT UNPACKING pc=0x000001dfa6f74bc2 sp=0x0000002b715fde90 mode 0
Event: 1.428 Thread 0x000001df94f63310 DEOPT PACKING pc=0x000001df9fa6a9b0 sp=0x0000002b715fa6b0
Event: 1.428 Thread 0x000001df94f63310 DEOPT UNPACKING pc=0x000001dfa6f74bc2 sp=0x0000002b715f9b70 mode 0
Event: 1.497 Thread 0x000001df94f63310 Uncommon trap: trap_request=0xffffff45 fr.pc=0x000001dfa74f4f40 relative=0x0000000000000180
Event: 1.497 Thread 0x000001df94f63310 Uncommon trap: reason=unstable_if action=reinterpret pc=0x000001dfa74f4f40 method=java.util.zip.ZipFile$Source.isMetaName([BII)Z @ 43 c2
Event: 1.497 Thread 0x000001df94f63310 DEOPT PACKING pc=0x000001dfa74f4f40 sp=0x0000002b715f9670
Event: 1.498 Thread 0x000001df94f63310 DEOPT UNPACKING pc=0x000001dfa6f74422 sp=0x0000002b715f9618 mode 2
Event: 1.591 Thread 0x000001df94f63310 Uncommon trap: trap_request=0xffffff45 fr.pc=0x000001dfa74fd4e4 relative=0x00000000000001a4
Event: 1.591 Thread 0x000001df94f63310 Uncommon trap: reason=unstable_if action=reinterpret pc=0x000001dfa74fd4e4 method=java.util.zip.ZipFile$Source.isMetaName([BII)Z @ 82 c2
Event: 1.591 Thread 0x000001df94f63310 DEOPT PACKING pc=0x000001dfa74fd4e4 sp=0x0000002b715f9690
Event: 1.591 Thread 0x000001df94f63310 DEOPT UNPACKING pc=0x000001dfa6f74422 sp=0x0000002b715f9620 mode 2
Event: 1.662 Thread 0x000001df94f63310 DEOPT PACKING pc=0x000001df9fae9050 sp=0x0000002b715f9d50
Event: 1.662 Thread 0x000001df94f63310 DEOPT UNPACKING pc=0x000001dfa6f74bc2 sp=0x0000002b715f9340 mode 0
Event: 1.845 Thread 0x000001df94f63310 Uncommon trap: trap_request=0xffffff45 fr.pc=0x000001dfa74eff88 relative=0x0000000000000068
Event: 1.845 Thread 0x000001df94f63310 Uncommon trap: reason=unstable_if action=reinterpret pc=0x000001dfa74eff88 method=java.util.LinkedHashMap.afterNodeInsertion(Z)V @ 1 c2
Event: 1.845 Thread 0x000001df94f63310 DEOPT PACKING pc=0x000001dfa74eff88 sp=0x0000002b715fdfb0
Event: 1.845 Thread 0x000001df94f63310 DEOPT UNPACKING pc=0x000001dfa6f74422 sp=0x0000002b715fdf20 mode 2

Classes loaded (20 events):
Event: 1.860 Loading class java/util/AbstractQueue done
Event: 1.860 Loading class java/util/concurrent/ConcurrentLinkedQueue done
Event: 1.860 Loading class java/util/concurrent/ConcurrentLinkedQueue$Node
Event: 1.860 Loading class java/util/concurrent/ConcurrentLinkedQueue$Node done
Event: 1.906 Loading class java/util/NoSuchElementException
Event: 1.906 Loading class java/util/NoSuchElementException done
Event: 1.907 Loading class java/util/function/UnaryOperator
Event: 1.907 Loading class java/util/function/UnaryOperator done
Event: 1.920 Loading class java/lang/NoSuchFieldError
Event: 1.920 Loading class java/lang/NoSuchFieldError done
Event: 1.921 Loading class java/lang/reflect/ParameterizedType
Event: 1.921 Loading class java/lang/reflect/ParameterizedType done
Event: 1.940 Loading class sun/nio/cs/UTF_8$Encoder
Event: 1.940 Loading class sun/nio/cs/UTF_8$Encoder done
Event: 2.067 Loading class java/io/StringWriter
Event: 2.068 Loading class java/io/StringWriter done
Event: 2.088 Loading class java/lang/Character$UnicodeBlock
Event: 2.089 Loading class java/lang/Character$Subset
Event: 2.089 Loading class java/lang/Character$Subset done
Event: 2.089 Loading class java/lang/Character$UnicodeBlock done

Classes unloaded (0 events):
No events

Classes redefined (0 events):
No events

Internal exceptions (6 events):
Event: 0.227 Thread 0x000001df94f63310 Exception <a 'java/lang/NoSuchMethodError'{0x00000000ffd1c3d0}: 'java.lang.Object java.lang.invoke.DirectMethodHandle$Holder.newInvokeSpecial(java.lang.Object, java.lang.Object, java.lang.Object, java.lang.Object, java.lang.Object, java.lang.Object, java.lang.Object)'> (0x00000000ffd1c3d0) 
thrown [s\src\hotspot\share\interpreter\linkResolver.cpp, line 773]
Event: 0.618 Thread 0x000001df94f63310 Exception <a 'java/lang/NoSuchMethodError'{0x00000000ffce05f0}: 'void java.lang.invoke.DirectMethodHandle$Holder.invokeStatic(java.lang.Object, java.lang.Object)'> (0x00000000ffce05f0) 
thrown [s\src\hotspot\share\interpreter\linkResolver.cpp, line 773]
Event: 0.622 Thread 0x000001df94f63310 Exception <a 'java/lang/NoSuchMethodError'{0x00000000ffce3fe8}: 'void java.lang.invoke.DirectMethodHandle$Holder.invokeSpecial(java.lang.Object, java.lang.Object, java.lang.Object)'> (0x00000000ffce3fe8) 
thrown [s\src\hotspot\share\interpreter\linkResolver.cpp, line 773]
Event: 1.922 Thread 0x000001df94f63310 Exception <a 'java/lang/NoSuchMethodError'{0x00000000ffa76d18}: 'java.lang.Object java.lang.invoke.DirectMethodHandle$Holder.invokeStatic(java.lang.Object, java.lang.Object, int)'> (0x00000000ffa76d18) 
thrown [s\src\hotspot\share\interpreter\linkResolver.cpp, line 773]
Event: 1.926 Thread 0x000001df94f63310 Exception <a 'java/lang/NoSuchMethodError'{0x00000000ffa82488}: 'java.lang.Object java.lang.invoke.DirectMethodHandle$Holder.invokeInterface(java.lang.Object, java.lang.Object)'> (0x00000000ffa82488) 
thrown [s\src\hotspot\share\interpreter\linkResolver.cpp, line 773]
Event: 1.928 Thread 0x000001df94f63310 Exception <a 'java/lang/NoSuchMethodError'{0x00000000ffa8a1e8}: 'java.lang.Object java.lang.invoke.DirectMethodHandle$Holder.invokeVirtual(java.lang.Object, java.lang.Object, java.lang.Object)'> (0x00000000ffa8a1e8) 
thrown [s\src\hotspot\share\interpreter\linkResolver.cpp, line 773]

ZGC Phase Switch (0 events):
No events

VM Operations (6 events):
Event: 0.147 Executing non-safepoint VM operation: HandshakeAllThreads (Deoptimize)
Event: 0.147 Executing non-safepoint VM operation: HandshakeAllThreads (Deoptimize) done
Event: 1.158 Executing safepoint VM operation: Cleanup
Event: 1.174 Executing safepoint VM operation: Cleanup done
Event: 1.461 Executing safepoint VM operation: G1CollectForAllocation (G1 Evacuation Pause)
Event: 1.475 Executing safepoint VM operation: G1CollectForAllocation (G1 Evacuation Pause) done

Memory protections (0 events):
No events

Nmethod flushes (0 events):
No events

Events (13 events):
Event: 0.035 Thread 0x000001df94f63310 Thread added: 0x000001df94f63310
Event: 0.066 Thread 0x000001df94f63310 Thread added: 0x000001dff20fb490
Event: 0.066 Thread 0x000001df94f63310 Thread added: 0x000001dff20fd260
Event: 0.067 Thread 0x000001df94f63310 Thread added: 0x000001dff2101e20
Event: 0.067 Thread 0x000001df94f63310 Thread added: 0x000001dff2104990
Event: 0.067 Thread 0x000001df94f63310 Thread added: 0x000001dff21053f0
Event: 0.067 Thread 0x000001df94f63310 Thread added: 0x000001dff21060d0
Event: 0.067 Thread 0x000001df94f63310 Thread added: 0x000001dff2107da0
Event: 0.067 Thread 0x000001df94f63310 Thread added: 0x000001dff2121460
Event: 0.127 Thread 0x000001df94f63310 Thread added: 0x000001dff224d160
Event: 0.130 Thread 0x000001df94f63310 Thread added: 0x000001dff22729c0
Event: 1.252 Thread 0x000001dff2121460 Thread added: 0x000001dff24af2f0
Event: 1.480 Thread 0x000001dff24af2f0 Thread exited: 0x000001dff24af2f0


Dynamic libraries:
0x00007ff783f90000 - 0x00007ff783f9e000 	C:\Program Files\Eclipse Adoptium\jdk-21.0.10.7-hotspot\bin\java.exe
0x00007ffa2a250000 - 0x00007ffa2a448000 	C:\Windows\SYSTEM32\ntdll.dll
0x00007ffa29f30000 - 0x00007ffa29fef000 	C:\Windows\System32\KERNEL32.DLL
0x00007ffa27f20000 - 0x00007ffa28216000 	C:\Windows\System32\KERNELBASE.dll
0x00007ffa27a00000 - 0x00007ffa27b00000 	C:\Windows\System32\ucrtbase.dll
0x00007ffa109e0000 - 0x00007ffa109f8000 	C:\Program Files\Eclipse Adoptium\jdk-21.0.10.7-hotspot\bin\jli.dll
0x00007ffa28560000 - 0x00007ffa286fd000 	C:\Windows\System32\USER32.dll
0x00007ffa27960000 - 0x00007ffa27982000 	C:\Windows\System32\win32u.dll
0x00007ffa2a1e0000 - 0x00007ffa2a20c000 	C:\Windows\System32\GDI32.dll
0x00007ffa27d60000 - 0x00007ffa27e75000 	C:\Windows\System32\gdi32full.dll
0x00007ffa0a210000 - 0x00007ffa0a22e000 	C:\Program Files\Eclipse Adoptium\jdk-21.0.10.7-hotspot\bin\VCRUNTIME140.dll
0x00007ffa27e80000 - 0x00007ffa27f1d000 	C:\Windows\System32\msvcp_win.dll
0x00007ffa195c0000 - 0x00007ffa1985a000 	C:\Windows\WinSxS\amd64_microsoft.windows.common-controls_6595b64144ccf1df_6.0.19041.1110_none_60b5254171f9507e\COMCTL32.dll
0x00007ffa29c90000 - 0x00007ffa29d2e000 	C:\Windows\System32\msvcrt.dll
0x00007ffa28be0000 - 0x00007ffa28c10000 	C:\Windows\System32\IMM32.DLL
0x00007ffa184b0000 - 0x00007ffa184bc000 	C:\Program Files\Eclipse Adoptium\jdk-21.0.10.7-hotspot\bin\vcruntime140_1.dll
0x00007ff9f0570000 - 0x00007ff9f05fd000 	C:\Program Files\Eclipse Adoptium\jdk-21.0.10.7-hotspot\bin\msvcp140.dll
0x00007ff9e6f00000 - 0x00007ff9e7ca1000 	C:\Program Files\Eclipse Adoptium\jdk-21.0.10.7-hotspot\bin\server\jvm.dll
0x00007ffa28450000 - 0x00007ffa284ff000 	C:\Windows\System32\ADVAPI32.dll
0x00007ffa29ff0000 - 0x00007ffa2a08c000 	C:\Windows\System32\sechost.dll
0x00007ffa2a090000 - 0x00007ffa2a1b6000 	C:\Windows\System32\RPCRT4.dll
0x00007ffa294d0000 - 0x00007ffa2953b000 	C:\Windows\System32\WS2_32.dll
0x00007ffa27790000 - 0x00007ffa277db000 	C:\Windows\SYSTEM32\POWRPROF.dll
0x00007ffa166d0000 - 0x00007ffa166f7000 	C:\Windows\SYSTEM32\WINMM.dll
0x00007ffa1a7c0000 - 0x00007ffa1a7ca000 	C:\Windows\SYSTEM32\VERSION.dll
0x00007ffa27770000 - 0x00007ffa27782000 	C:\Windows\SYSTEM32\UMPDC.dll
0x00007ffa259a0000 - 0x00007ffa259b2000 	C:\Windows\SYSTEM32\kernel.appcore.dll
0x00007ffa0fec0000 - 0x00007ffa0feca000 	C:\Program Files\Eclipse Adoptium\jdk-21.0.10.7-hotspot\bin\jimage.dll
0x00007ffa164e0000 - 0x00007ffa166c4000 	C:\Windows\SYSTEM32\DBGHELP.DLL
0x00007ffa133f0000 - 0x00007ffa13424000 	C:\Windows\SYSTEM32\dbgcore.DLL
0x00007ffa28220000 - 0x00007ffa282a2000 	C:\Windows\System32\bcryptPrimitives.dll
0x00007ffa0a1e0000 - 0x00007ffa0a200000 	C:\Program Files\Eclipse Adoptium\jdk-21.0.10.7-hotspot\bin\java.dll
0x00007ffa28d70000 - 0x00007ffa294b4000 	C:\Windows\System32\SHELL32.dll
0x00007ffa25ba0000 - 0x00007ffa26333000 	C:\Windows\SYSTEM32\windows.storage.dll
0x00007ffa28810000 - 0x00007ffa28b64000 	C:\Windows\System32\combase.dll
0x00007ffa272a0000 - 0x00007ffa272ce000 	C:\Windows\SYSTEM32\Wldp.dll
0x00007ffa282b0000 - 0x00007ffa2835d000 	C:\Windows\System32\SHCORE.dll
0x00007ffa28b80000 - 0x00007ffa28bd5000 	C:\Windows\System32\shlwapi.dll
0x00007ffa27860000 - 0x00007ffa27885000 	C:\Windows\SYSTEM32\profapi.dll
0x00007ff9e6e20000 - 0x00007ff9e6ef7000 	C:\Program Files\Eclipse Adoptium\jdk-21.0.10.7-hotspot\bin\jsvml.dll
0x00007ff9f3e40000 - 0x00007ff9f3e50000 	C:\Program Files\Eclipse Adoptium\jdk-21.0.10.7-hotspot\bin\net.dll
0x00007ffa1fb80000 - 0x00007ffa1fc8a000 	C:\Windows\SYSTEM32\WINHTTP.dll
0x00007ffa27000000 - 0x00007ffa2706a000 	C:\Windows\system32\mswsock.dll
0x00007ff9f3e20000 - 0x00007ff9f3e36000 	C:\Program Files\Eclipse Adoptium\jdk-21.0.10.7-hotspot\bin\nio.dll
0x00007ffa0a1c0000 - 0x00007ffa0a1d8000 	C:\Program Files\Eclipse Adoptium\jdk-21.0.10.7-hotspot\bin\zip.dll

JVMTI agents: none

dbghelp: loaded successfully - version: 4.0.5 - missing functions: none
symbol engine: initialized successfully - sym options: 0x614 - pdb path: .;C:\Program Files\Eclipse Adoptium\jdk-21.0.10.7-hotspot\bin;C:\Windows\SYSTEM32;C:\Windows\WinSxS\amd64_microsoft.windows.common-controls_6595b64144ccf1df_6.0.19041.1110_none_60b5254171f9507e;C:\Program Files\Eclipse Adoptium\jdk-21.0.10.7-hotspot\bin\server

VM Arguments:
jvm_args: -Xmx64m -Xms64m -Dorg.gradle.appname=gradlew 
java_command: c:\Users\Admin\Pictures\BudgetQuest-main\\gradle\wrapper\gradle-wrapper.jar -I C:\Users\Admin\AppData\Local\Temp\classpath7098989037081718145.gradle kotlinLSPKotlinDSLDeps --console=plain
java_class_path (initial): c:\Users\Admin\Pictures\BudgetQuest-main\\gradle\wrapper\gradle-wrapper.jar
Launcher Type: SUN_STANDARD

[Global flags]
     intx CICompilerCount                          = 3                                         {product} {ergonomic}
     uint ConcGCThreads                            = 1                                         {product} {ergonomic}
     uint G1ConcRefinementThreads                  = 4                                         {product} {ergonomic}
   size_t G1HeapRegionSize                         = 1048576                                   {product} {ergonomic}
    uintx GCDrainStackTargetSize                   = 64                                        {product} {ergonomic}
   size_t InitialHeapSize                          = 67108864                                  {product} {command line}
   size_t MarkStackSize                            = 4194304                                   {product} {ergonomic}
   size_t MaxHeapSize                              = 67108864                                  {product} {command line}
   size_t MaxNewSize                               = 39845888                                  {product} {ergonomic}
   size_t MinHeapDeltaBytes                        = 1048576                                   {product} {ergonomic}
   size_t MinHeapSize                              = 67108864                                  {product} {command line}
    uintx NonNMethodCodeHeapSize                   = 5832780                                {pd product} {ergonomic}
    uintx NonProfiledCodeHeapSize                  = 122912730                              {pd product} {ergonomic}
    uintx ProfiledCodeHeapSize                     = 122912730                              {pd product} {ergonomic}
    uintx ReservedCodeCacheSize                    = 251658240                              {pd product} {ergonomic}
     bool SegmentedCodeCache                       = true                                      {product} {ergonomic}
   size_t SoftMaxHeapSize                          = 67108864                               {manageable} {ergonomic}
     bool UseCompressedOops                        = true                           {product lp64_product} {ergonomic}
     bool UseG1GC                                  = true                                      {product} {ergonomic}
     bool UseLargePagesIndividualAllocation        = false                                  {pd product} {ergonomic}

Logging:
Log output configuration:
 #0: stdout all=warning uptime,level,tags foldmultilines=false
 #1: stderr all=off uptime,level,tags foldmultilines=false

Release file:
IMPLEMENTOR="Eclipse Adoptium" 
IMPLEMENTOR_VERSION="Temurin-21.0.10+7" 
JAVA_RUNTIME_VERSION="21.0.10+7-LTS" 
JAVA_VERSION="21.0.10" 
JAVA_VERSION_DATE="2026-01-20" 
LIBC="default" 
MODULES="java.base java.compiler java.datatransfer java.xml java.prefs java.desktop java.instrument java.logging java.management java.security.sasl java.naming java.rmi java.management.rmi java.net.http java.scripting java.security.jgss java.transaction.xa java.sql java.sql.rowset java.xml.crypto java.se java.smartcardio jdk.accessibility jdk.internal.jvmstat jdk.attach jdk.charsets jdk.internal.opt jdk.zipfs jdk.compiler jdk.crypto.ec jdk.crypto.cryptoki jdk.crypto.mscapi jdk.dynalink jdk.internal.ed jdk.editpad jdk.hotspot.agent jdk.httpserver jdk.incubator.vector jdk.internal.le jdk.internal.vm.ci jdk.internal.vm.compiler jdk.internal.vm.compiler.management jdk.jartool jdk.javadoc jdk.jcmd jdk.management jdk.management.agent jdk.jconsole jdk.jdeps jdk.jdwp.agent jdk.jdi jdk.jfr jdk.jlink jdk.jpackage jdk.jshell jdk.jsobject jdk.jstatd jdk.localedata jdk.management.jfr jdk.naming.dns jdk.naming.rmi jdk.net jdk.nio.mapmode jdk.random jdk.sctp jdk.security.auth jdk.security.jgss jdk.unsupported jdk.unsupported.desktop jdk.xml.dom" 
OS_ARCH="x86_64" 
OS_NAME="Windows" 
SOURCE=".:git:a633eafe0fcc" 
BUILD_SOURCE="git:458965074606f027bd5afce2cfd5c1055dea0438"
BUILD_SOURCE_REPO="https://github.com/adoptium/temurin-build.git"
SOURCE_REPO="https://github.com/adoptium/jdk21u.git"
FULL_VERSION="21.0.10+7-LTS"
SEMANTIC_VERSION="21.0.10+7"
BUILD_INFO="OS: Windows Server 2022 Version: 10.0"
JVM_VARIANT="Hotspot"
JVM_VERSION="21.0.10+7-LTS"
IMAGE_TYPE="JDK"

Environment Variables:
JAVA_HOME=C:\Program Files\Eclipse Adoptium\jdk-21.0.10.7-hotspot\
CLASSPATH=c:\Users\Admin\AppData\Roaming\Code\User\globalStorage\fwcd.kotlin\langServerInstall\server\lib\server-1.3.13.jar;c:\Users\Admin\AppData\Roaming\Code\User\globalStorage\fwcd.kotlin\langServerInstall\server\lib\shared-1.3.13.jar;c:\Users\Admin\AppData\Roaming\Code\User\globalStorage\fwcd.kotlin\langServerInstall\server\lib\kotlin-scripting-jvm-host-unshaded-2.1.0.jar;c:\Users\Admin\AppData\Roaming\Code\User\globalStorage\fwcd.kotlin\langServerInstall\server\lib\kotlin-scripting-compiler-2.1.0.jar;c:\Users\Admin\AppData\Roaming\Code\User\globalStorage\fwcd.kotlin\langServerInstall\server\lib\ktfmt-b5d31d1.jar;c:\Users\Admin\AppData\Roaming\Code\User\globalStorage\fwcd.kotlin\langServerInstall\server\lib\kotlin-compiler-2.1.0.jar;c:\Users\Admin\AppData\Roaming\Code\User\globalStorage\fwcd.kotlin\langServerInstall\server\lib\exposed-dao-0.37.3.jar;c:\Users\Admin\AppData\Roaming\Code\User\globalStorage\fwcd.kotlin\langServerInstall\server\lib\exposed-jdbc-0.37.3.jar;c:\Users\Admin\AppData\Roaming\Code\User\globalStorage\fwcd.kotlin\langServerInstall\server\lib\exposed-core-0.37.3.jar;c:\Users\Admin\AppData\Roaming\Code\User\globalStorage\fwcd.kotlin\langServerInstall\server\lib\kotlin-scripting-compiler-impl-2.1.0.jar;c:\Users\Admin\AppData\Roaming\Code\User\globalStorage\fwcd.kotlin\langServerInstall\server\lib\kotlin-reflect-2.1.0.jar;c:\Users\Admin\AppData\Roaming\Code\User\globalStorage\fwcd.kotlin\langServerInstall\server\lib\kotlin-scripting-jvm-2.1.0.jar;c:\Users\Admin\AppData\Roaming\Code\User\globalStorage\fwcd.kotlin\langServerInstall\server\lib\kotlin-scripting-common-2.1.0.jar;c:\Users\Admin\AppData\Roaming\Code\User\globalStorage\fwcd.kotlin\langServerInstall\server\lib\kotlinx-coroutines-core-jvm-1.6.4.jar;c:\Users\Admin\AppData\Roaming\Code\User\globalStorage\fwcd.kotlin\langServerInstall\server\lib\kotlin-stdlib-jdk8-2.1.0.jar;c:\Users\Admin\AppData\Roaming\Code\User\globalStorage\fwcd.kotlin\langServerInstall\server\lib\kotlin-stdlib-jdk7-2.1.0.jar;c:\Users\Admin\AppData\Roaming\Code\User\globalStorage\fwcd.kotlin\langServerInstall\server\lib\kotlin-stdlib-2.1.0.jar;c:\Users\Admin\AppData\Roaming\Code\User\globalStorage\fwcd.kotlin\langServerInstall\server\lib\org.eclipse.lsp4j-0.21.2.jar;c:\Users\Admin\AppData\Roaming\Code\User\globalStorage\fwcd.kotlin\langServerInstall\server\lib\org.eclipse.lsp4j.jsonrpc-0.21.2.jar;c:\Users\Admin\AppData\Roaming\Code\User\globalStorage\fwcd.kotlin\langServerInstall\server\lib\kotlin-sam-with-receiver-compiler-plugin-2.1.0.jar;c:\Users\Admin\AppData\Roaming\Code\User\globalStorage\fwcd.kotlin\langServerInstall\server\lib\fernflower-1.0.jar;c:\Users\Admin\AppData\Roaming\Code\User\globalStorage\fwcd.kotlin\langServerInstall\server\lib\h2-1.4.200.jar;c:\Users\Admin\AppData\Roaming\Code\User\globalStorage\fwcd.kotlin\langServerInstall\server\lib\jcommander-1.78.jar;c:\Users\Admin\AppData\Roaming\Code\User\globalStorage\fwcd.kotlin\langServerInstall\server\lib\sqlite-jdbc-3.41.2.1.jar;c:\Users\Admin\AppData\Roaming\Code\User\globalStorage\fwcd.kotlin\langServerInstall\server\lib\google-java-format-1.8.jar;c:\Users\Admin\AppData\Roaming\Code\User\globalStorage\fwcd.kotlin\langServerInstall\server\lib\guava-33.3.0-jre.jar;c:\Users\Admin\AppData\Roaming\Code\User\globalStorage\fwcd.kotlin\langServerInstall\server\lib\annotations-13.0.jar;c:\Users\Admin\AppData\Roaming\Code\User\globalStorage\fwcd.kotlin\langServerInstall\server\lib\gson-2.10.1.jar;c:\Users\Admin\AppData\Roaming\Code\User\globalStorage\fwcd.kotlin\langServerInstall\server\lib\kotlin-script-runtime-2.1.0.jar;c:\Users\Admin\AppData\Roaming\Code\User\globalStorage\fwcd.kotlin\langServerInstall\server\lib\trove4j-1.0.20200330.jar;c:\Users\Admin\AppData\Roaming\Code\User\globalStorage\fwcd.kotlin\langServerInstall\server\lib\jline-3.24.1.jar;c:\Users\Admin\AppData\Roaming\Code\User\globalStorage\fwcd.kotlin\langServerInstall\server\lib\slf4j-api-1.7.25.jar;c:\Users\Admin\AppData\Roaming\Code\User\globalStorage\fwcd.kotlin\langServerInstall\server\lib\jna-4.2.2.jar;c:\Users\Admin\AppData\Roaming\Code\User\globalStorage\fwcd.kotlin\langServerInstall\server\lib\failureaccess-1.0.2.jar;c:\Users\Admin\AppData\Roaming\Code\User\globalStorage\fwcd.kotlin\langServerInstall\server\lib\listenablefuture-9999.0-empty-to-avoid-conflict-with-guava.jar;c:\Users\Admin\AppData\Roaming\Code\User\globalStorage\fwcd.kotlin\langServerInstall\server\lib\jsr305-3.0.2.jar;c:\Users\Admin\AppData\Roaming\Code\User\globalStorage\fwcd.kotlin\langServerInstall\server\lib\checker-qual-3.43.0.jar;c:\Users\Admin\AppData\Roaming\Code\User\globalStorage\fwcd.kotlin\langServerInstall\server\lib\error_prone_annotations-2.28.0.jar
PATH=C:\Program Files\Eclipse Adoptium\jdk-21.0.10.7-hotspot\bin;C:\Windows\system32;C:\Windows;C:\Windows\System32\Wbem;C:\Windows\System32\WindowsPowerShell\v1.0\;C:\Windows\System32\OpenSSH\;C:\Android\cmdline-tools\latest\bin;C:\Android\platform-tools;C:\Android\build-tools;C:\gradle\bin;c:\Users\Admin\AppData\Local\Programs\cursor\resources\app\codeBin;C:\Users\Admin\AppData\Local\Microsoft\WindowsApps;C:\Users\Admin\AppData\Local\Programs\Microsoft VS Code\bin;C:\Users\Admin\AppData\Local\Programs\cursor\resources\app\bin
USERNAME=Admin
OS=Windows_NT
PROCESSOR_IDENTIFIER=Intel64 Family 6 Model 58 Stepping 9, GenuineIntel
TMP=C:\Users\Admin\AppData\Local\Temp
TEMP=C:\Users\Admin\AppData\Local\Temp




Periodic native trim disabled

---------------  S Y S T E M  ---------------

OS:
 Windows 10 , 64 bit Build 19041 (10.0.19041.3155)
OS uptime: 0 days 9:50 hours

CPU: total 4 (initial active 4) (2 cores per cpu, 2 threads per core) family 6 model 58 stepping 9 microcode 0x21, cx8, cmov, fxsr, ht, mmx, sse, sse2, sse3, ssse3, sse4.1, sse4.2, popcnt, tsc, tscinvbit, avx, aes, erms, clmul, vzeroupper, clflush, rdtscp, f16c
Processor Information for the first 4 processors :
  Max Mhz: 2600, Current Mhz: 2600, Mhz Limit: 2600

Memory: 4k page, system-wide physical 12188M (533M free)
TotalPageFile size 16284M (AvailPageFile size 244M)
current process WorkingSet (physical memory assigned to process): 62M, peak: 62M
current process commit charge ("private bytes"): 146M, peak: 146M

vm_info: OpenJDK 64-Bit Server VM (21.0.10+7-LTS) for windows-amd64 JRE (21.0.10+7-LTS), built on 2026-01-20T00:00:00Z by "admin" with MS VC++ 17.12 (VS2022)

END.
